Using pre-set license
Built from '2021.3/staging' branch; Version is '2021.3.11f1 (0a5ca18544bf) revision 679073'; Using compiler version '192829333'; Build Type 'Release'
OS: 'Windows 10  (10.0.19045) 64bit Professional' Language: 'ru' Physical Memory: 40845 MB
BatchMode: 1, IsHumanControllingUs: 0, StartBugReporterOnCrash: 0, Is64bit: 1, IsPro: 1

COMMAND LINE ARGUMENTS:
I:\Unity\2021.3.11f1\Editor\Unity.exe
-adb2
-batchMode
-noUpm
-name
AssetImportWorker12
-projectPath
I:/GitHub/CarProject/CarProject/CarProject
-logFile
Logs/AssetImportWorker12.log
-srvPort
58972
Successfully changed project path to: I:/GitHub/CarProject/CarProject/CarProject
I:/GitHub/CarProject/CarProject/CarProject
[UnityMemory] Configuration Parameters - Can be set up in boot.config
    "memorysetup-bucket-allocator-granularity=16"
    "memorysetup-bucket-allocator-bucket-count=8"
    "memorysetup-bucket-allocator-block-size=33554432"
    "memorysetup-bucket-allocator-block-count=8"
    "memorysetup-main-allocator-block-size=16777216"
    "memorysetup-thread-allocator-block-size=16777216"
    "memorysetup-gfx-main-allocator-block-size=16777216"
    "memorysetup-gfx-thread-allocator-block-size=16777216"
    "memorysetup-cache-allocator-block-size=4194304"
    "memorysetup-typetree-allocator-block-size=2097152"
    "memorysetup-profiler-bucket-allocator-granularity=16"
    "memorysetup-profiler-bucket-allocator-bucket-count=8"
    "memorysetup-profiler-bucket-allocator-block-size=33554432"
    "memorysetup-profiler-bucket-allocator-block-count=8"
    "memorysetup-profiler-allocator-block-size=16777216"
    "memorysetup-profiler-editor-allocator-block-size=1048576"
    "memorysetup-temp-allocator-size-main=16777216"
    "memorysetup-job-temp-allocator-block-size=2097152"
    "memorysetup-job-temp-allocator-block-size-background=1048576"
    "memorysetup-job-temp-allocator-reduction-small-platforms=262144"
    "memorysetup-temp-allocator-size-background-worker=32768"
    "memorysetup-temp-allocator-size-job-worker=262144"
    "memorysetup-temp-allocator-size-preload-manager=33554432"
    "memorysetup-temp-allocator-size-nav-mesh-worker=65536"
    "memorysetup-temp-allocator-size-audio-worker=65536"
    "memorysetup-temp-allocator-size-cloud-worker=32768"
    "memorysetup-temp-allocator-size-gi-baking-worker=262144"
    "memorysetup-temp-allocator-size-gfx=262144"
Refreshing native plugins compatible for Editor in 30.40 ms, found 0 plugins.
Preloading 0 native plugins for Editor in 0.00 ms.
Initialize engine version: 2021.3.11f1 (0a5ca18544bf)
[Subsystems] Discovering subsystems at path I:/Unity/2021.3.11f1/Editor/Data/Resources/UnitySubsystems
[Subsystems] Discovering subsystems at path I:/GitHub/CarProject/CarProject/CarProject/Assets
GfxDevice: creating device client; threaded=0; jobified=0
Direct3D:
    Version:  Direct3D 11.0 [level 11.1]
    Renderer: AMD Radeon RX 6700 XT (ID=0x73df)
    Vendor:   ATI
    VRAM:     12243 MB
    Driver:   31.0.14037.17019
Initialize mono
Mono path[0] = 'I:/Unity/2021.3.11f1/Editor/Data/Managed'
Mono path[1] = 'I:/Unity/2021.3.11f1/Editor/Data/MonoBleedingEdge/lib/mono/unityjit-win32'
Mono config path = 'I:/Unity/2021.3.11f1/Editor/Data/MonoBleedingEdge/etc'
Using monoOptions --debugger-agent=transport=dt_socket,embedding=1,server=y,suspend=n,address=127.0.0.1:56828
Begin MonoManager ReloadAssembly
Registering precompiled unity dll's ...
Register platform support module: I:/Unity/2021.3.11f1/Editor/Data/PlaybackEngines/WebGLSupport/UnityEditor.WebGL.Extensions.dll
Register platform support module: I:/Unity/2021.3.11f1/Editor/Data/PlaybackEngines/AndroidPlayer/UnityEditor.Android.Extensions.dll
Register platform support module: I:/Unity/2021.3.11f1/Editor/Data/PlaybackEngines/iOSSupport/UnityEditor.iOS.Extensions.dll
Register platform support module: I:/Unity/2021.3.11f1/Editor/Data/PlaybackEngines/AppleTVSupport/UnityEditor.AppleTV.Extensions.dll
Register platform support module: I:/Unity/2021.3.11f1/Editor/Data/PlaybackEngines/WindowsStandaloneSupport/UnityEditor.WindowsStandalone.Extensions.dll
Registered in 0.004640 seconds.
Native extension for WindowsStandalone target not found
[usbmuxd] Start listen thread
[usbmuxd] Listen thread started
Native extension for AppleTV target not found
[usbmuxd] Start listen thread
[usbmuxd] Listen thread started
Native extension for iOS target not found
Native extension for Android target not found
Native extension for WebGL target not found
Refreshing native plugins compatible for Editor in 34.94 ms, found 0 plugins.
Preloading 0 native plugins for Editor in 0.00 ms.
Mono: successfully reloaded assembly
- Completed reload, in  0.581 seconds
Domain Reload Profiling:
	ReloadAssembly (582ms)
		BeginReloadAssembly (73ms)
			ExecutionOrderSort (0ms)
			DisableScriptedObjects (0ms)
			BackupInstance (0ms)
			ReleaseScriptingObjects (0ms)
			CreateAndSetChildDomain (1ms)
		EndReloadAssembly (411ms)
			LoadAssemblies (73ms)
			RebuildTransferFunctionScriptingTraits (0ms)
			SetupTypeCache (106ms)
			ReleaseScriptCaches (0ms)
			RebuildScriptCaches (32ms)
			SetupLoadedEditorAssemblies (226ms)
				LogAssemblyErrors (0ms)
				InitializePlatformSupportModulesInManaged (57ms)
				SetLoadedEditorAssemblies (1ms)
				RefreshPlugins (35ms)
				BeforeProcessingInitializeOnLoad (1ms)
				ProcessInitializeOnLoadAttributes (88ms)
				ProcessInitializeOnLoadMethodAttributes (44ms)
				AfterProcessingInitializeOnLoad (0ms)
				EditorAssembliesLoaded (0ms)
			ExecutionOrderSort2 (0ms)
			AwakeInstancesAfterBackupRestoration (0ms)
Platform modules already initialized, skipping
Registering precompiled user dll's ...
Registered in 0.000341 seconds.
Begin MonoManager ReloadAssembly
Symbol file data-00000147595058D0 doesn't match image I:\GitHub\CarProject\CarProject\CarProject\Library\ScriptAssemblies\Assembly-CSharp.dll
Symbol file LoadedFromMemory is not a mono symbol file
Symbol file data-000001475711E8B0 doesn't match image I:\GitHub\CarProject\CarProject\CarProject\Library\ScriptAssemblies\Cinemachine.dll
Symbol file LoadedFromMemory is not a mono symbol file
Symbol file data-000001475711E8B0 doesn't match image I:\GitHub\CarProject\CarProject\CarProject\Library\ScriptAssemblies\com.unity.cinemachine.editor.dll
Symbol file LoadedFromMemory is not a mono symbol file
Symbol file data-00000147576CE010 doesn't match image I:\GitHub\CarProject\CarProject\CarProject\Library\ScriptAssemblies\Unity.Timeline.Editor.dll
Symbol file LoadedFromMemory is not a mono symbol file
Symbol file data-0000014755461E20 doesn't match image I:\GitHub\CarProject\CarProject\CarProject\Library\ScriptAssemblies\Unity.Timeline.dll
Symbol file LoadedFromMemory is not a mono symbol file
Native extension for WindowsStandalone target not found
Native extension for AppleTV target not found
Native extension for iOS target not found
Native extension for Android target not found
Native extension for WebGL target not found
Refreshing native plugins compatible for Editor in 0.56 ms, found 0 plugins.
Preloading 0 native plugins for Editor in 0.00 ms.
Package Manager log level set to [2]
Mono: successfully reloaded assembly
- Completed reload, in  0.801 seconds
Domain Reload Profiling:
	ReloadAssembly (802ms)
		BeginReloadAssembly (227ms)
			ExecutionOrderSort (0ms)
			DisableScriptedObjects (5ms)
			BackupInstance (0ms)
			ReleaseScriptingObjects (0ms)
			CreateAndSetChildDomain (143ms)
		EndReloadAssembly (485ms)
			LoadAssemblies (64ms)
			RebuildTransferFunctionScriptingTraits (0ms)
			SetupTypeCache (121ms)
			ReleaseScriptCaches (0ms)
			RebuildScriptCaches (53ms)
			SetupLoadedEditorAssemblies (214ms)
				LogAssemblyErrors (0ms)
				InitializePlatformSupportModulesInManaged (22ms)
				SetLoadedEditorAssemblies (0ms)
				RefreshPlugins (1ms)
				BeforeProcessingInitializeOnLoad (37ms)
				ProcessInitializeOnLoadAttributes (130ms)
				ProcessInitializeOnLoadMethodAttributes (21ms)
				AfterProcessingInitializeOnLoad (3ms)
				EditorAssembliesLoaded (0ms)
			ExecutionOrderSort2 (0ms)
			AwakeInstancesAfterBackupRestoration (11ms)
Platform modules already initialized, skipping
========================================================================
Worker process is ready to serve import requests
Launched and connected shader compiler UnityShaderCompiler.exe after 0.05 seconds
Refreshing native plugins compatible for Editor in 0.93 ms, found 0 plugins.
Preloading 0 native plugins for Editor in 0.00 ms.
Unloading 1637 Unused Serialized files (Serialized files now loaded: 0)
Unloading 22 unused Assets / (129.4 KB). Loaded Objects now: 2115.
Memory consumption went from 85.5 MB to 85.4 MB.
Total: 3.232600 ms (FindLiveObjects: 0.182200 ms CreateObjectMapping: 0.041000 ms MarkObjects: 2.901600 ms  DeleteObjects: 0.106800 ms)

AssetImportParameters requested are different than current active one (requested -> active):
  custom:video-decoder-ogg-theora: a1e56fd34408186e4bbccfd4996cb3dc -> 
  custom:container-muxer-webm: aa71ff27fc2769a1b78a27578f13a17b -> 
  custom:container-demuxer-webm: 4f35f7cbe854078d1ac9338744f61a02 -> 
  custom:video-encoder-webm-vp8: eb34c28f22e8b96e1ab97ce403110664 -> 
  custom:audio-encoder-webm-vorbis: bf7c407c2cedff20999df2af8eb42d56 -> 
  custom:framework-win-MediaFoundation: 216162199b28c13a410421893ffa2e32 -> 
  custom:container-demuxer-ogg: 62fdf1f143b41e24485cea50d1cbac27 -> 
  custom:video-decoder-webm-vp8: 9c59270c3fd7afecdb556c50c9e8de78 -> 
  custom:audio-decoder-ogg-vorbis: bf7c407c2cedff20999df2af8eb42d56 -> 
========================================================================
Received Import Request.
  Time since last request: 973495.308512 seconds.
  path: Assets/Malbers Animations/Common/Human Anims/Fly/S_Land_InPlace.fbx
  artifactKey: Guid(e137a5fd0b71c8d48af1ce5522e127f4) Importer(815301076,1909f56bfc062723c751e8b465ee728b)
Start importing Assets/Malbers Animations/Common/Human Anims/Fly/S_Land_InPlace.fbx using Guid(e137a5fd0b71c8d48af1ce5522e127f4) Importer(815301076,1909f56bfc062723c751e8b465ee728b)  -> (artifact id: '23f3d34f19e370d23e96b3a7f73ba9b9') in 0.094809 seconds 
========================================================================
Received Import Request.
  Time since last request: 6.911996 seconds.
  path: Assets/Malbers Animations/Common/Scripts/Editor/Icons/AIDecisionAND_Icon.png
  artifactKey: Guid(86f30dcd799449249a6dc76f9dc5c23c) Importer(815301076,1909f56bfc062723c751e8b465ee728b)
Start importing Assets/Malbers Animations/Common/Scripts/Editor/Icons/AIDecisionAND_Icon.png using Guid(86f30dcd799449249a6dc76f9dc5c23c) Importer(815301076,1909f56bfc062723c751e8b465ee728b)  -> (artifact id: '7ae5afe30bdd7d9de4a26163ff0a4466') in 0.045311 seconds 
========================================================================
Received Import Request.
  Time since last request: 0.258368 seconds.
  path: Assets/Malbers Animations/Common/Scripts/Weapons/Prefabs/Bow RHanded.prefab
  artifactKey: Guid(eb1a926df449dec44b3babf9fa845a73) Importer(815301076,1909f56bfc062723c751e8b465ee728b)
Start importing Assets/Malbers Animations/Common/Scripts/Weapons/Prefabs/Bow RHanded.prefab using Guid(eb1a926df449dec44b3babf9fa845a73) Importer(815301076,1909f56bfc062723c751e8b465ee728b)  -> (artifact id: '416e11218f5b7fe176945e642c67ba6a') in 0.351089 seconds 
========================================================================
Received Import Request.
  Time since last request: 0.263564 seconds.
  path: Assets/Malbers Animations/Common/Prefabs/Coins/Coins Default.asset
  artifactKey: Guid(6c0fc8ba21374b54ca47a579d26206c3) Importer(815301076,1909f56bfc062723c751e8b465ee728b)
Start importing Assets/Malbers Animations/Common/Prefabs/Coins/Coins Default.asset using Guid(6c0fc8ba21374b54ca47a579d26206c3) Importer(815301076,1909f56bfc062723c751e8b465ee728b)  -> (artifact id: 'c3691ac70769db85febb5da6f2e824df') in 0.004663 seconds 
========================================================================
Received Import Request.
  Time since last request: 0.299734 seconds.
  path: Assets/Malbers Animations/Common/Camera (Legacy)/Assets/CS Aim Rider Left.asset
  artifactKey: Guid(b27ab3b4bdfa1f54ab1e8213ef92e538) Importer(815301076,1909f56bfc062723c751e8b465ee728b)
Start importing Assets/Malbers Animations/Common/Camera (Legacy)/Assets/CS Aim Rider Left.asset using Guid(b27ab3b4bdfa1f54ab1e8213ef92e538) Importer(815301076,1909f56bfc062723c751e8b465ee728b)  -> (artifact id: '01f6041df6d3ef40e55878b2fe8db1c7') in 0.002805 seconds 
========================================================================
Received Import Request.
  Time since last request: 0.000022 seconds.
  path: Assets/Malbers Animations/Common/Scriptable Assets/IDs/StatesID/Death.asset
  artifactKey: Guid(adfa24f62d6db4d40a1d837f4ec1a6e9) Importer(815301076,1909f56bfc062723c751e8b465ee728b)
Start importing Assets/Malbers Animations/Common/Scriptable Assets/IDs/StatesID/Death.asset using Guid(adfa24f62d6db4d40a1d837f4ec1a6e9) Importer(815301076,1909f56bfc062723c751e8b465ee728b)  -> (artifact id: '592b1e131c85c2cc5a5881effc66996b') in 0.001694 seconds 
========================================================================
Received Import Request.
  Time since last request: 0.000011 seconds.
  path: Assets/Malbers Animations/Common/Assets/Modifiers/Damage 6 Sides.asset
  artifactKey: Guid(6f757d5c1f4fbb941906a3f77727e4bd) Importer(815301076,1909f56bfc062723c751e8b465ee728b)
Start importing Assets/Malbers Animations/Common/Assets/Modifiers/Damage 6 Sides.asset using Guid(6f757d5c1f4fbb941906a3f77727e4bd) Importer(815301076,1909f56bfc062723c751e8b465ee728b)  -> (artifact id: '1b7338598a97639052b482aea52d1bb7') in 0.001560 seconds 
========================================================================
Received Import Request.
  Time since last request: 0.000014 seconds.
  path: Assets/Malbers Animations/Animal Controller/Human/States/Human Glide Glider.asset
  artifactKey: Guid(791ca7168f4e90c48ba89e90ee127cbb) Importer(815301076,1909f56bfc062723c751e8b465ee728b)
Start importing Assets/Malbers Animations/Animal Controller/Human/States/Human Glide Glider.asset using Guid(791ca7168f4e90c48ba89e90ee127cbb) Importer(815301076,1909f56bfc062723c751e8b465ee728b)  -> (artifact id: '4783287ee2ee555e6d071f8b2dacc446') in 0.006487 seconds 
========================================================================
Received Import Request.
  Time since last request: 0.000020 seconds.
  path: Assets/Malbers Animations/Common/Scripts/Editor/Icons/Debug_Icon.png
  artifactKey: Guid(48d47fc58852d79488b46b17f911aa1d) Importer(815301076,1909f56bfc062723c751e8b465ee728b)
Start importing Assets/Malbers Animations/Common/Scripts/Editor/Icons/Debug_Icon.png using Guid(48d47fc58852d79488b46b17f911aa1d) Importer(815301076,1909f56bfc062723c751e8b465ee728b)  -> (artifact id: '6eb03d2e207379d2821f9354e17075ce') in 0.006611 seconds 
========================================================================
Received Import Request.
  Time since last request: 0.000016 seconds.
  path: Assets/Malbers Animations/Common/Assets/Modifiers/Damage 4 Sides.asset
  artifactKey: Guid(bb91e583222400340bb10c1c971a0ba6) Importer(815301076,1909f56bfc062723c751e8b465ee728b)
Start importing Assets/Malbers Animations/Common/Assets/Modifiers/Damage 4 Sides.asset using Guid(bb91e583222400340bb10c1c971a0ba6) Importer(815301076,1909f56bfc062723c751e8b465ee728b)  -> (artifact id: '00308f84f2dd04d139afae12e94253ee') in 0.001742 seconds 
========================================================================
Received Import Request.
  Time since last request: 0.000017 seconds.
  path: Assets/Malbers Animations/Common/Assets/Animal Brain/Decisions/Is Target Death.asset
  artifactKey: Guid(e7e2645ff1542844db35d825c1af0d82) Importer(815301076,1909f56bfc062723c751e8b465ee728b)
Start importing Assets/Malbers Animations/Common/Assets/Animal Brain/Decisions/Is Target Death.asset using Guid(e7e2645ff1542844db35d825c1af0d82) Importer(815301076,1909f56bfc062723c751e8b465ee728b)  -> (artifact id: '5df0e8aea76b581a0b88a88e6dd79961') in 0.002145 seconds 
========================================================================
Received Import Request.
  Time since last request: 0.000016 seconds.
  path: Assets/Malbers Animations/Common/Assets/Events/Animal Controller/Is Grounded.asset
  artifactKey: Guid(1661b203561fd0b459929b000423b618) Importer(815301076,1909f56bfc062723c751e8b465ee728b)
Start importing Assets/Malbers Animations/Common/Assets/Events/Animal Controller/Is Grounded.asset using Guid(1661b203561fd0b459929b000423b618) Importer(815301076,1909f56bfc062723c751e8b465ee728b)  -> (artifact id: '7909dbcb678ca365d3068bab7a2652e4') in 0.002073 seconds 
========================================================================
Received Import Request.
  Time since last request: 0.000019 seconds.
  path: Assets/Malbers Animations/Animal Controller/Human/States/Human Slide.asset
  artifactKey: Guid(7b72c0b611d93124d9de1c556424ddc9) Importer(815301076,1909f56bfc062723c751e8b465ee728b)
Start importing Assets/Malbers Animations/Animal Controller/Human/States/Human Slide.asset using Guid(7b72c0b611d93124d9de1c556424ddc9) Importer(815301076,1909f56bfc062723c751e8b465ee728b)  -> (artifact id: '1e87b7c5c5901358554533982e90dbcf') in 0.003532 seconds 
========================================================================
Received Import Request.
  Time since last request: 0.000016 seconds.
  path: Assets/Malbers Animations/Animal Controller/Human/States/Human Death Ragdoll.asset
  artifactKey: Guid(013fbd2c94e55c544967e786eec818de) Importer(815301076,1909f56bfc062723c751e8b465ee728b)
Start importing Assets/Malbers Animations/Animal Controller/Human/States/Human Death Ragdoll.asset using Guid(013fbd2c94e55c544967e786eec818de) Importer(815301076,1909f56bfc062723c751e8b465ee728b)  -> (artifact id: 'f38f0864e7dd2c98a3017ccefa7a6037') in 0.006327 seconds 
========================================================================
Received Import Request.
  Time since last request: 0.000036 seconds.
  path: Assets/Malbers Animations/Animal Controller/Wolf Lite/Brain/AC 02 Attack and Kill.asset
  artifactKey: Guid(4dfd9179c003e15409517150c20830e0) Importer(815301076,1909f56bfc062723c751e8b465ee728b)
Start importing Assets/Malbers Animations/Animal Controller/Wolf Lite/Brain/AC 02 Attack and Kill.asset using Guid(4dfd9179c003e15409517150c20830e0) Importer(815301076,1909f56bfc062723c751e8b465ee728b)  -> (artifact id: '5508a1dc4452f119f0202aafcd95bce1') in 0.008279 seconds 
========================================================================
Received Import Request.
  Time since last request: 0.000019 seconds.
  path: Assets/Malbers Animations/Common/Human Anims/Glide/Glider.fbx
  artifactKey: Guid(a32e18f5baf71cd43acebca3226fc958) Importer(815301076,1909f56bfc062723c751e8b465ee728b)
Start importing Assets/Malbers Animations/Common/Human Anims/Glide/Glider.fbx using Guid(a32e18f5baf71cd43acebca3226fc958) Importer(815301076,1909f56bfc062723c751e8b465ee728b)  -> (artifact id: '2b9e7ce97aa1f223b33c6ea3dc943890') in 0.032602 seconds 
========================================================================
Received Import Request.
  Time since last request: 0.000016 seconds.
  path: Assets/Malbers Animations/Common/Assets/Modifiers/Dir Dodge 4 Sides.asset
  artifactKey: Guid(30cf5bce508f03543a5e5a19e82249f5) Importer(815301076,1909f56bfc062723c751e8b465ee728b)
Start importing Assets/Malbers Animations/Common/Assets/Modifiers/Dir Dodge 4 Sides.asset using Guid(30cf5bce508f03543a5e5a19e82249f5) Importer(815301076,1909f56bfc062723c751e8b465ee728b)  -> (artifact id: 'bbad6acd9f61b396dff123572059f20b') in 0.002853 seconds 
========================================================================
Received Import Request.
  Time since last request: 0.000020 seconds.
  path: Assets/Malbers Animations/Animal Controller/Human/Model/Human_Default.mat
  artifactKey: Guid(9469b9d667245ac45902fe656bdf9eaf) Importer(815301076,1909f56bfc062723c751e8b465ee728b)
Start importing Assets/Malbers Animations/Animal Controller/Human/Model/Human_Default.mat using Guid(9469b9d667245ac45902fe656bdf9eaf) Importer(815301076,1909f56bfc062723c751e8b465ee728b)  -> (artifact id: '89ede9bc3aca9b4967da390c440d2961') in 0.281868 seconds 
========================================================================
Received Import Request.
  Time since last request: 0.052093 seconds.
  path: Assets/Malbers Animations/Common/Assets/Animal Brain/Tasks/Stance to Default.asset
  artifactKey: Guid(36ab3f80d0adbf345bb8604c4acc2fc0) Importer(815301076,1909f56bfc062723c751e8b465ee728b)
Start importing Assets/Malbers Animations/Common/Assets/Animal Brain/Tasks/Stance to Default.asset using Guid(36ab3f80d0adbf345bb8604c4acc2fc0) Importer(815301076,1909f56bfc062723c751e8b465ee728b)  -> (artifact id: '9f47ec00a087c84e728a56418400c6f2') in 0.002131 seconds 
