Using pre-set license
Built from '2021.3/staging' branch; Version is '2021.3.11f1 (0a5ca18544bf) revision 679073'; Using compiler version '192829333'; Build Type 'Release'
OS: 'Windows 10  (10.0.19045) 64bit Professional' Language: 'ru' Physical Memory: 40845 MB
BatchMode: 1, IsHumanControllingUs: 0, StartBugReporterOnCrash: 0, Is64bit: 1, IsPro: 1

COMMAND LINE ARGUMENTS:
I:\Unity\2021.3.11f1\Editor\Unity.exe
-adb2
-batchMode
-noUpm
-name
AssetImportWorker11
-projectPath
I:/GitHub/CarProject/CarProject/CarProject
-logFile
Logs/AssetImportWorker11.log
-srvPort
58972
Successfully changed project path to: I:/GitHub/CarProject/CarProject/CarProject
I:/GitHub/CarProject/CarProject/CarProject
[UnityMemory] Configuration Parameters - Can be set up in boot.config
    "memorysetup-bucket-allocator-granularity=16"
    "memorysetup-bucket-allocator-bucket-count=8"
    "memorysetup-bucket-allocator-block-size=33554432"
    "memorysetup-bucket-allocator-block-count=8"
    "memorysetup-main-allocator-block-size=16777216"
    "memorysetup-thread-allocator-block-size=16777216"
    "memorysetup-gfx-main-allocator-block-size=16777216"
    "memorysetup-gfx-thread-allocator-block-size=16777216"
    "memorysetup-cache-allocator-block-size=4194304"
    "memorysetup-typetree-allocator-block-size=2097152"
    "memorysetup-profiler-bucket-allocator-granularity=16"
    "memorysetup-profiler-bucket-allocator-bucket-count=8"
    "memorysetup-profiler-bucket-allocator-block-size=33554432"
    "memorysetup-profiler-bucket-allocator-block-count=8"
    "memorysetup-profiler-allocator-block-size=16777216"
    "memorysetup-profiler-editor-allocator-block-size=1048576"
    "memorysetup-temp-allocator-size-main=16777216"
    "memorysetup-job-temp-allocator-block-size=2097152"
    "memorysetup-job-temp-allocator-block-size-background=1048576"
    "memorysetup-job-temp-allocator-reduction-small-platforms=262144"
    "memorysetup-temp-allocator-size-background-worker=32768"
    "memorysetup-temp-allocator-size-job-worker=262144"
    "memorysetup-temp-allocator-size-preload-manager=33554432"
    "memorysetup-temp-allocator-size-nav-mesh-worker=65536"
    "memorysetup-temp-allocator-size-audio-worker=65536"
    "memorysetup-temp-allocator-size-cloud-worker=32768"
    "memorysetup-temp-allocator-size-gi-baking-worker=262144"
    "memorysetup-temp-allocator-size-gfx=262144"
Refreshing native plugins compatible for Editor in 30.95 ms, found 0 plugins.
Preloading 0 native plugins for Editor in 0.00 ms.
Initialize engine version: 2021.3.11f1 (0a5ca18544bf)
[Subsystems] Discovering subsystems at path I:/Unity/2021.3.11f1/Editor/Data/Resources/UnitySubsystems
[Subsystems] Discovering subsystems at path I:/GitHub/CarProject/CarProject/CarProject/Assets
GfxDevice: creating device client; threaded=0; jobified=0
Direct3D:
    Version:  Direct3D 11.0 [level 11.1]
    Renderer: AMD Radeon RX 6700 XT (ID=0x73df)
    Vendor:   ATI
    VRAM:     12243 MB
    Driver:   31.0.14037.17019
Initialize mono
Mono path[0] = 'I:/Unity/2021.3.11f1/Editor/Data/Managed'
Mono path[1] = 'I:/Unity/2021.3.11f1/Editor/Data/MonoBleedingEdge/lib/mono/unityjit-win32'
Mono config path = 'I:/Unity/2021.3.11f1/Editor/Data/MonoBleedingEdge/etc'
Using monoOptions --debugger-agent=transport=dt_socket,embedding=1,server=y,suspend=n,address=127.0.0.1:56852
Begin MonoManager ReloadAssembly
Registering precompiled unity dll's ...
Register platform support module: I:/Unity/2021.3.11f1/Editor/Data/PlaybackEngines/WebGLSupport/UnityEditor.WebGL.Extensions.dll
Register platform support module: I:/Unity/2021.3.11f1/Editor/Data/PlaybackEngines/AndroidPlayer/UnityEditor.Android.Extensions.dll
Register platform support module: I:/Unity/2021.3.11f1/Editor/Data/PlaybackEngines/iOSSupport/UnityEditor.iOS.Extensions.dll
Register platform support module: I:/Unity/2021.3.11f1/Editor/Data/PlaybackEngines/AppleTVSupport/UnityEditor.AppleTV.Extensions.dll
Register platform support module: I:/Unity/2021.3.11f1/Editor/Data/PlaybackEngines/WindowsStandaloneSupport/UnityEditor.WindowsStandalone.Extensions.dll
Registered in 0.003276 seconds.
Native extension for WindowsStandalone target not found
[usbmuxd] Start listen thread
[usbmuxd] Listen thread started
Native extension for AppleTV target not found
[usbmuxd] Start listen thread
[usbmuxd] Listen thread started
Native extension for iOS target not found
Native extension for Android target not found
Native extension for WebGL target not found
Refreshing native plugins compatible for Editor in 38.96 ms, found 0 plugins.
Preloading 0 native plugins for Editor in 0.00 ms.
Mono: successfully reloaded assembly
- Completed reload, in  0.550 seconds
Domain Reload Profiling:
	ReloadAssembly (550ms)
		BeginReloadAssembly (58ms)
			ExecutionOrderSort (0ms)
			DisableScriptedObjects (0ms)
			BackupInstance (0ms)
			ReleaseScriptingObjects (0ms)
			CreateAndSetChildDomain (1ms)
		EndReloadAssembly (412ms)
			LoadAssemblies (58ms)
			RebuildTransferFunctionScriptingTraits (0ms)
			SetupTypeCache (84ms)
			ReleaseScriptCaches (0ms)
			RebuildScriptCaches (26ms)
			SetupLoadedEditorAssemblies (259ms)
				LogAssemblyErrors (0ms)
				InitializePlatformSupportModulesInManaged (69ms)
				SetLoadedEditorAssemblies (0ms)
				RefreshPlugins (39ms)
				BeforeProcessingInitializeOnLoad (1ms)
				ProcessInitializeOnLoadAttributes (97ms)
				ProcessInitializeOnLoadMethodAttributes (52ms)
				AfterProcessingInitializeOnLoad (0ms)
				EditorAssembliesLoaded (0ms)
			ExecutionOrderSort2 (0ms)
			AwakeInstancesAfterBackupRestoration (0ms)
Platform modules already initialized, skipping
Registering precompiled user dll's ...
Registered in 0.000371 seconds.
Begin MonoManager ReloadAssembly
Symbol file data-000001C0E7C0DA30 doesn't match image I:\GitHub\CarProject\CarProject\CarProject\Library\ScriptAssemblies\Assembly-CSharp.dll
Symbol file LoadedFromMemory is not a mono symbol file
Symbol file data-000001C0E7984020 doesn't match image I:\GitHub\CarProject\CarProject\CarProject\Library\ScriptAssemblies\Cinemachine.dll
Symbol file LoadedFromMemory is not a mono symbol file
Symbol file data-000001C0E8C720E0 doesn't match image I:\GitHub\CarProject\CarProject\CarProject\Library\ScriptAssemblies\com.unity.cinemachine.editor.dll
Symbol file LoadedFromMemory is not a mono symbol file
Symbol file data-000001C0E4C75F40 doesn't match image I:\GitHub\CarProject\CarProject\CarProject\Library\ScriptAssemblies\Unity.Timeline.Editor.dll
Symbol file LoadedFromMemory is not a mono symbol file
Symbol file data-000001C0E58C9810 doesn't match image I:\GitHub\CarProject\CarProject\CarProject\Library\ScriptAssemblies\Unity.Timeline.dll
Symbol file LoadedFromMemory is not a mono symbol file
Native extension for WindowsStandalone target not found
Native extension for AppleTV target not found
Native extension for iOS target not found
Native extension for Android target not found
Native extension for WebGL target not found
Refreshing native plugins compatible for Editor in 0.51 ms, found 0 plugins.
Preloading 0 native plugins for Editor in 0.00 ms.
Package Manager log level set to [2]
Mono: successfully reloaded assembly
- Completed reload, in  0.794 seconds
Domain Reload Profiling:
	ReloadAssembly (795ms)
		BeginReloadAssembly (204ms)
			ExecutionOrderSort (0ms)
			DisableScriptedObjects (5ms)
			BackupInstance (0ms)
			ReleaseScriptingObjects (0ms)
			CreateAndSetChildDomain (128ms)
		EndReloadAssembly (500ms)
			LoadAssemblies (58ms)
			RebuildTransferFunctionScriptingTraits (0ms)
			SetupTypeCache (137ms)
			ReleaseScriptCaches (1ms)
			RebuildScriptCaches (56ms)
			SetupLoadedEditorAssemblies (206ms)
				LogAssemblyErrors (0ms)
				InitializePlatformSupportModulesInManaged (23ms)
				SetLoadedEditorAssemblies (0ms)
				RefreshPlugins (1ms)
				BeforeProcessingInitializeOnLoad (38ms)
				ProcessInitializeOnLoadAttributes (120ms)
				ProcessInitializeOnLoadMethodAttributes (21ms)
				AfterProcessingInitializeOnLoad (3ms)
				EditorAssembliesLoaded (0ms)
			ExecutionOrderSort2 (0ms)
			AwakeInstancesAfterBackupRestoration (12ms)
Platform modules already initialized, skipping
========================================================================
Worker process is ready to serve import requests
Launched and connected shader compiler UnityShaderCompiler.exe after 0.05 seconds
Refreshing native plugins compatible for Editor in 0.63 ms, found 0 plugins.
Preloading 0 native plugins for Editor in 0.00 ms.
Unloading 1637 Unused Serialized files (Serialized files now loaded: 0)
Unloading 22 unused Assets / (129.5 KB). Loaded Objects now: 2115.
Memory consumption went from 85.5 MB to 85.4 MB.
Total: 3.184800 ms (FindLiveObjects: 0.181100 ms CreateObjectMapping: 0.040900 ms MarkObjects: 2.826900 ms  DeleteObjects: 0.134800 ms)

AssetImportParameters requested are different than current active one (requested -> active):
  custom:video-decoder-ogg-theora: a1e56fd34408186e4bbccfd4996cb3dc -> 
  custom:container-muxer-webm: aa71ff27fc2769a1b78a27578f13a17b -> 
  custom:container-demuxer-webm: 4f35f7cbe854078d1ac9338744f61a02 -> 
  custom:video-encoder-webm-vp8: eb34c28f22e8b96e1ab97ce403110664 -> 
  custom:audio-encoder-webm-vorbis: bf7c407c2cedff20999df2af8eb42d56 -> 
  custom:framework-win-MediaFoundation: 216162199b28c13a410421893ffa2e32 -> 
  custom:container-demuxer-ogg: 62fdf1f143b41e24485cea50d1cbac27 -> 
  custom:video-decoder-webm-vp8: 9c59270c3fd7afecdb556c50c9e8de78 -> 
  custom:audio-decoder-ogg-vorbis: bf7c407c2cedff20999df2af8eb42d56 -> 
========================================================================
Received Import Request.
  Time since last request: 973495.308321 seconds.
  path: Assets/Malbers Animations/Common/Human Anims/Fly/S_Fly_TakeOff_InPlace.fbx
  artifactKey: Guid(87fa66b12fbd57844893f2f71f764f30) Importer(815301076,1909f56bfc062723c751e8b465ee728b)
Start importing Assets/Malbers Animations/Common/Human Anims/Fly/S_Fly_TakeOff_InPlace.fbx using Guid(87fa66b12fbd57844893f2f71f764f30) Importer(815301076,1909f56bfc062723c751e8b465ee728b)  -> (artifact id: '2cecde1192568e6e95a2137413584610') in 0.094997 seconds 
========================================================================
Received Import Request.
  Time since last request: 6.911639 seconds.
  path: Assets/Malbers Animations/Common/Scripts/Editor/Icons/AIDecision_Icon.png
  artifactKey: Guid(11e948a3fd6ece34493ca70a56ad9cf1) Importer(815301076,1909f56bfc062723c751e8b465ee728b)
Start importing Assets/Malbers Animations/Common/Scripts/Editor/Icons/AIDecision_Icon.png using Guid(11e948a3fd6ece34493ca70a56ad9cf1) Importer(815301076,1909f56bfc062723c751e8b465ee728b)  -> (artifact id: '950d62c3f2b30e8fccd5607a8a1435f1') in 0.045689 seconds 
========================================================================
Received Import Request.
  Time since last request: 0.258185 seconds.
  path: Assets/Malbers Animations/Common/Materials & Textures/UI/Border Thick.psd
  artifactKey: Guid(e1019e76d6b63b24da0c7a7fd4e4aa69) Importer(815301076,1909f56bfc062723c751e8b465ee728b)
Start importing Assets/Malbers Animations/Common/Materials & Textures/UI/Border Thick.psd using Guid(e1019e76d6b63b24da0c7a7fd4e4aa69) Importer(815301076,1909f56bfc062723c751e8b465ee728b)  -> (artifact id: '392e6f26f46c44f79a3376fa7fba90c1') in 0.049008 seconds 
========================================================================
Received Import Request.
  Time since last request: 0.258892 seconds.
  path: Assets/SimplePoly City - Low Poly Assets/Prefab/Buildings/Building_Residential_color02.prefab
  artifactKey: Guid(246bcb60ae5be3744a4ea86bab749f44) Importer(815301076,1909f56bfc062723c751e8b465ee728b)
Start importing Assets/SimplePoly City - Low Poly Assets/Prefab/Buildings/Building_Residential_color02.prefab using Guid(246bcb60ae5be3744a4ea86bab749f44) Importer(815301076,1909f56bfc062723c751e8b465ee728b)  -> (artifact id: 'f19489a14dc73fa68bac51988de15c11') in 0.064607 seconds 
========================================================================
Received Import Request.
  Time since last request: 0.240655 seconds.
  path: Assets/Malbers Animations/Animal Controller/Stats/Button Degenerate.asset
  artifactKey: Guid(342211b5faec7684785f869527774f3e) Importer(815301076,1909f56bfc062723c751e8b465ee728b)
Start importing Assets/Malbers Animations/Animal Controller/Stats/Button Degenerate.asset using Guid(342211b5faec7684785f869527774f3e) Importer(815301076,1909f56bfc062723c751e8b465ee728b)  -> (artifact id: '6d219dc91578ebaa8c11d50684566c00') in 0.005575 seconds 
========================================================================
Received Import Request.
  Time since last request: 0.298840 seconds.
  path: Assets/Malbers Animations/Common/Camera (Legacy)/Assets/CS Human Default.asset
  artifactKey: Guid(2857bad97c2d84b4e9557bee880153ed) Importer(815301076,1909f56bfc062723c751e8b465ee728b)
Start importing Assets/Malbers Animations/Common/Camera (Legacy)/Assets/CS Human Default.asset using Guid(2857bad97c2d84b4e9557bee880153ed) Importer(815301076,1909f56bfc062723c751e8b465ee728b)  -> (artifact id: '5a0288d5d46a0b50a517261e3835ef22') in 0.002411 seconds 
========================================================================
Received Import Request.
  Time since last request: 0.000019 seconds.
  path: Assets/Malbers Animations/Common/Prefabs/Tracks/Deer Track.psd
  artifactKey: Guid(8439d15260513e349a136c27ffebd1b8) Importer(815301076,1909f56bfc062723c751e8b465ee728b)
Start importing Assets/Malbers Animations/Common/Prefabs/Tracks/Deer Track.psd using Guid(8439d15260513e349a136c27ffebd1b8) Importer(815301076,1909f56bfc062723c751e8b465ee728b)  -> (artifact id: '11c3f666730c2b92a337567ac7ecee02') in 0.005961 seconds 
========================================================================
Received Import Request.
  Time since last request: 0.000020 seconds.
  path: Assets/Malbers Animations/Animal Controller/1 - Demos/6 - AI Brain - Human Commands Wolf/Companion AI States/Command - Attack Current Target.asset
  artifactKey: Guid(4d361877d37787a44b7a5bcb4eef75ae) Importer(815301076,1909f56bfc062723c751e8b465ee728b)
Start importing Assets/Malbers Animations/Animal Controller/1 - Demos/6 - AI Brain - Human Commands Wolf/Companion AI States/Command - Attack Current Target.asset using Guid(4d361877d37787a44b7a5bcb4eef75ae) Importer(815301076,1909f56bfc062723c751e8b465ee728b)  -> (artifact id: '28baa7b18e07ca01a353c2bc8ed49e72') in 0.012046 seconds 
========================================================================
Received Import Request.
  Time since last request: 0.000022 seconds.
  path: Assets/Malbers Animations/Common/Audio/Weapons/Default Draw.wav
  artifactKey: Guid(6f45d27fd173aef4ba40357906e28656) Importer(815301076,1909f56bfc062723c751e8b465ee728b)
Start importing Assets/Malbers Animations/Common/Audio/Weapons/Default Draw.wav using Guid(6f45d27fd173aef4ba40357906e28656) Importer(815301076,1909f56bfc062723c751e8b465ee728b)  -> (artifact id: '5fc02223a2610d1cc6715e4daf9b1c64') in 0.049206 seconds 
========================================================================
Received Import Request.
  Time since last request: 0.000021 seconds.
  path: Assets/Malbers Animations/Common/Human Anims/Glide/Glider.prefab
  artifactKey: Guid(779c344735c02af40a42d8eedd08b650) Importer(815301076,1909f56bfc062723c751e8b465ee728b)
Start importing Assets/Malbers Animations/Common/Human Anims/Glide/Glider.prefab using Guid(779c344735c02af40a42d8eedd08b650) Importer(815301076,1909f56bfc062723c751e8b465ee728b)  -> (artifact id: 'bf10a2b94c2e3f3a01f6be7c5f4b594e') in 0.021302 seconds 
========================================================================
Received Import Request.
  Time since last request: 0.000020 seconds.
  path: Assets/Malbers Animations/Common/Assets/Modifiers/Dir Dodge 2 Sides.asset
  artifactKey: Guid(b976984f0deafd64291eff59f23a0944) Importer(815301076,1909f56bfc062723c751e8b465ee728b)
Start importing Assets/Malbers Animations/Common/Assets/Modifiers/Dir Dodge 2 Sides.asset using Guid(b976984f0deafd64291eff59f23a0944) Importer(815301076,1909f56bfc062723c751e8b465ee728b)  -> (artifact id: '506ea593a923d442e578b7d9603f5711') in 0.002849 seconds 
========================================================================
Received Import Request.
  Time since last request: 0.000015 seconds.
  path: Assets/Malbers Animations/Common/Prefabs/UI/HelpBox ShowHide.prefab
  artifactKey: Guid(11bfe2671f948a34a80b81974c109548) Importer(815301076,1909f56bfc062723c751e8b465ee728b)
Start importing Assets/Malbers Animations/Common/Prefabs/UI/HelpBox ShowHide.prefab using Guid(11bfe2671f948a34a80b81974c109548) Importer(815301076,1909f56bfc062723c751e8b465ee728b)  -> (artifact id: '8162c86e85c434c81b05d912eb9b3f8b') in 0.004056 seconds 
========================================================================
Received Import Request.
  Time since last request: 0.000016 seconds.
  path: Assets/Malbers Animations/Common/Camera (Legacy)/Assets/CS Aim Rider Right.asset
  artifactKey: Guid(ca6cf9495b244144fb8539241cb6b07f) Importer(815301076,1909f56bfc062723c751e8b465ee728b)
Start importing Assets/Malbers Animations/Common/Camera (Legacy)/Assets/CS Aim Rider Right.asset using Guid(ca6cf9495b244144fb8539241cb6b07f) Importer(815301076,1909f56bfc062723c751e8b465ee728b)  -> (artifact id: 'b50938e911ba2ebe10354b8a619fa95c') in 0.001461 seconds 
========================================================================
Received Import Request.
  Time since last request: 0.000013 seconds.
  path: Assets/Malbers Animations/Common/Prefabs/Tracks/Deer Track.prefab
  artifactKey: Guid(c9926195b4212bb41a714c6c3f4cdbbf) Importer(815301076,1909f56bfc062723c751e8b465ee728b)
Start importing Assets/Malbers Animations/Common/Prefabs/Tracks/Deer Track.prefab using Guid(c9926195b4212bb41a714c6c3f4cdbbf) Importer(815301076,1909f56bfc062723c751e8b465ee728b)  -> (artifact id: '2e1e677928b0f3a80657f625794cf2dc') in 0.031895 seconds 
========================================================================
Received Import Request.
  Time since last request: 0.000033 seconds.
  path: Assets/Malbers Animations/Animal Controller/Empty Controller/Empty Death.asset
  artifactKey: Guid(a83d9b5b6bd80674499ec74611e5a09e) Importer(815301076,1909f56bfc062723c751e8b465ee728b)
Start importing Assets/Malbers Animations/Animal Controller/Empty Controller/Empty Death.asset using Guid(a83d9b5b6bd80674499ec74611e5a09e) Importer(815301076,1909f56bfc062723c751e8b465ee728b)  -> (artifact id: 'ddca10dba1de7ef1dff1690533995787') in 0.004182 seconds 
========================================================================
Received Import Request.
  Time since last request: 0.000031 seconds.
  path: Assets/Malbers Animations/Animal Controller/1 - Demos/6 - AI Brain Human/ACW Sword Attack.asset
  artifactKey: Guid(14a01af572054954d8b89f4529cc1fc9) Importer(815301076,1909f56bfc062723c751e8b465ee728b)
Start importing Assets/Malbers Animations/Animal Controller/1 - Demos/6 - AI Brain Human/ACW Sword Attack.asset using Guid(14a01af572054954d8b89f4529cc1fc9) Importer(815301076,1909f56bfc062723c751e8b465ee728b)  -> (artifact id: 'e63f230d9a1d591ffa1387a9624f9de7') in 0.003685 seconds 
========================================================================
Received Import Request.
  Time since last request: 0.000019 seconds.
  path: Assets/SimplePoly City - Low Poly Assets/Prefab/Buildings/Building_Residential_color03.prefab
  artifactKey: Guid(0064eb002f3790247969e12119bbf9d2) Importer(815301076,1909f56bfc062723c751e8b465ee728b)
Start importing Assets/SimplePoly City - Low Poly Assets/Prefab/Buildings/Building_Residential_color03.prefab using Guid(0064eb002f3790247969e12119bbf9d2) Importer(815301076,1909f56bfc062723c751e8b465ee728b)  -> (artifact id: 'bdab78cf9e17831934d0999e744567cf') in 0.007968 seconds 
========================================================================
Received Import Request.
  Time since last request: 0.000019 seconds.
  path: Assets/DenysAlmaral/CityPeopleLite/Prefabs/elder_Female_A.prefab
  artifactKey: Guid(bcc8732b8b44622449c23934f89e68c0) Importer(815301076,1909f56bfc062723c751e8b465ee728b)
Start importing Assets/DenysAlmaral/CityPeopleLite/Prefabs/elder_Female_A.prefab using Guid(bcc8732b8b44622449c23934f89e68c0) Importer(815301076,1909f56bfc062723c751e8b465ee728b)  -> (artifact id: 'adba4b36803ac338da9cc3a4872c7632') in 0.061015 seconds 
========================================================================
Received Import Request.
  Time since last request: 0.204600 seconds.
  path: Assets/Malbers Animations/Animal Controller/Wolf Lite/Brain Weapon/ACW 01 Patrol.asset
  artifactKey: Guid(e2bfd79fb76f85a46bbe9ed54a889aeb) Importer(815301076,1909f56bfc062723c751e8b465ee728b)
Start importing Assets/Malbers Animations/Animal Controller/Wolf Lite/Brain Weapon/ACW 01 Patrol.asset using Guid(e2bfd79fb76f85a46bbe9ed54a889aeb) Importer(815301076,1909f56bfc062723c751e8b465ee728b)  -> (artifact id: 'b309f74f84237033b97781626fca5bb7') in 0.004594 seconds 
