Using pre-set license
Built from '2021.3/staging' branch; Version is '2021.3.11f1 (0a5ca18544bf) revision 679073'; Using compiler version '192829333'; Build Type 'Release'
OS: 'Windows 10  (10.0.19045) 64bit Professional' Language: 'ru' Physical Memory: 40845 MB
BatchMode: 1, IsHumanControllingUs: 0, StartBugReporterOnCrash: 0, Is64bit: 1, IsPro: 1

COMMAND LINE ARGUMENTS:
I:\Unity\2021.3.11f1\Editor\Unity.exe
-adb2
-batchMode
-noUpm
-name
AssetImportWorker7
-projectPath
I:/GitHub/CarProject/CarProject/CarProject
-logFile
Logs/AssetImportWorker7.log
-srvPort
53704
Successfully changed project path to: I:/GitHub/CarProject/CarProject/CarProject
I:/GitHub/CarProject/CarProject/CarProject
[UnityMemory] Configuration Parameters - Can be set up in boot.config
    "memorysetup-bucket-allocator-granularity=16"
    "memorysetup-bucket-allocator-bucket-count=8"
    "memorysetup-bucket-allocator-block-size=33554432"
    "memorysetup-bucket-allocator-block-count=8"
    "memorysetup-main-allocator-block-size=16777216"
    "memorysetup-thread-allocator-block-size=16777216"
    "memorysetup-gfx-main-allocator-block-size=16777216"
    "memorysetup-gfx-thread-allocator-block-size=16777216"
    "memorysetup-cache-allocator-block-size=4194304"
    "memorysetup-typetree-allocator-block-size=2097152"
    "memorysetup-profiler-bucket-allocator-granularity=16"
    "memorysetup-profiler-bucket-allocator-bucket-count=8"
    "memorysetup-profiler-bucket-allocator-block-size=33554432"
    "memorysetup-profiler-bucket-allocator-block-count=8"
    "memorysetup-profiler-allocator-block-size=16777216"
    "memorysetup-profiler-editor-allocator-block-size=1048576"
    "memorysetup-temp-allocator-size-main=16777216"
    "memorysetup-job-temp-allocator-block-size=2097152"
    "memorysetup-job-temp-allocator-block-size-background=1048576"
    "memorysetup-job-temp-allocator-reduction-small-platforms=262144"
    "memorysetup-temp-allocator-size-background-worker=32768"
    "memorysetup-temp-allocator-size-job-worker=262144"
    "memorysetup-temp-allocator-size-preload-manager=33554432"
    "memorysetup-temp-allocator-size-nav-mesh-worker=65536"
    "memorysetup-temp-allocator-size-audio-worker=65536"
    "memorysetup-temp-allocator-size-cloud-worker=32768"
    "memorysetup-temp-allocator-size-gi-baking-worker=262144"
    "memorysetup-temp-allocator-size-gfx=262144"
Refreshing native plugins compatible for Editor in 40.16 ms, found 0 plugins.
Preloading 0 native plugins for Editor in 0.00 ms.
Initialize engine version: 2021.3.11f1 (0a5ca18544bf)
[Subsystems] Discovering subsystems at path I:/Unity/2021.3.11f1/Editor/Data/Resources/UnitySubsystems
[Subsystems] Discovering subsystems at path I:/GitHub/CarProject/CarProject/CarProject/Assets
GfxDevice: creating device client; threaded=0; jobified=0
Direct3D:
    Version:  Direct3D 11.0 [level 11.1]
    Renderer: AMD Radeon RX 6700 XT (ID=0x73df)
    Vendor:   ATI
    VRAM:     12243 MB
    Driver:   31.0.14037.17019
Initialize mono
Mono path[0] = 'I:/Unity/2021.3.11f1/Editor/Data/Managed'
Mono path[1] = 'I:/Unity/2021.3.11f1/Editor/Data/MonoBleedingEdge/lib/mono/unityjit-win32'
Mono config path = 'I:/Unity/2021.3.11f1/Editor/Data/MonoBleedingEdge/etc'
Using monoOptions --debugger-agent=transport=dt_socket,embedding=1,server=y,suspend=n,address=127.0.0.1:56488
Begin MonoManager ReloadAssembly
Registering precompiled unity dll's ...
Register platform support module: I:/Unity/2021.3.11f1/Editor/Data/PlaybackEngines/WebGLSupport/UnityEditor.WebGL.Extensions.dll
Register platform support module: I:/Unity/2021.3.11f1/Editor/Data/PlaybackEngines/AndroidPlayer/UnityEditor.Android.Extensions.dll
Register platform support module: I:/Unity/2021.3.11f1/Editor/Data/PlaybackEngines/iOSSupport/UnityEditor.iOS.Extensions.dll
Register platform support module: I:/Unity/2021.3.11f1/Editor/Data/PlaybackEngines/AppleTVSupport/UnityEditor.AppleTV.Extensions.dll
Register platform support module: I:/Unity/2021.3.11f1/Editor/Data/PlaybackEngines/WindowsStandaloneSupport/UnityEditor.WindowsStandalone.Extensions.dll
Registered in 0.003910 seconds.
Native extension for WindowsStandalone target not found
[usbmuxd] Start listen thread
[usbmuxd] Listen thread started
Native extension for AppleTV target not found
[usbmuxd] Start listen thread
[usbmuxd] Listen thread started
Native extension for iOS target not found
Native extension for Android target not found
Native extension for WebGL target not found
Refreshing native plugins compatible for Editor in 44.27 ms, found 0 plugins.
Preloading 0 native plugins for Editor in 0.00 ms.
Mono: successfully reloaded assembly
- Completed reload, in  0.552 seconds
Domain Reload Profiling:
	ReloadAssembly (552ms)
		BeginReloadAssembly (70ms)
			ExecutionOrderSort (0ms)
			DisableScriptedObjects (0ms)
			BackupInstance (0ms)
			ReleaseScriptingObjects (0ms)
			CreateAndSetChildDomain (2ms)
		EndReloadAssembly (394ms)
			LoadAssemblies (70ms)
			RebuildTransferFunctionScriptingTraits (0ms)
			SetupTypeCache (96ms)
			ReleaseScriptCaches (0ms)
			RebuildScriptCaches (23ms)
			SetupLoadedEditorAssemblies (233ms)
				LogAssemblyErrors (0ms)
				InitializePlatformSupportModulesInManaged (59ms)
				SetLoadedEditorAssemblies (0ms)
				RefreshPlugins (44ms)
				BeforeProcessingInitializeOnLoad (2ms)
				ProcessInitializeOnLoadAttributes (85ms)
				ProcessInitializeOnLoadMethodAttributes (42ms)
				AfterProcessingInitializeOnLoad (0ms)
				EditorAssembliesLoaded (0ms)
			ExecutionOrderSort2 (0ms)
			AwakeInstancesAfterBackupRestoration (0ms)
Platform modules already initialized, skipping
Registering precompiled user dll's ...
Registered in 0.000309 seconds.
Begin MonoManager ReloadAssembly
Native extension for WindowsStandalone target not found
Native extension for AppleTV target not found
Native extension for iOS target not found
Native extension for Android target not found
Native extension for WebGL target not found
Refreshing native plugins compatible for Editor in 35.49 ms, found 0 plugins.
Preloading 0 native plugins for Editor in 0.00 ms.
Package Manager log level set to [2]
Mono: successfully reloaded assembly
- Completed reload, in  0.973 seconds
Domain Reload Profiling:
	ReloadAssembly (974ms)
		BeginReloadAssembly (341ms)
			ExecutionOrderSort (0ms)
			DisableScriptedObjects (5ms)
			BackupInstance (0ms)
			ReleaseScriptingObjects (0ms)
			CreateAndSetChildDomain (262ms)
		EndReloadAssembly (543ms)
			LoadAssemblies (61ms)
			RebuildTransferFunctionScriptingTraits (0ms)
			SetupTypeCache (131ms)
			ReleaseScriptCaches (0ms)
			RebuildScriptCaches (50ms)
			SetupLoadedEditorAssemblies (269ms)
				LogAssemblyErrors (0ms)
				InitializePlatformSupportModulesInManaged (19ms)
				SetLoadedEditorAssemblies (0ms)
				RefreshPlugins (36ms)
				BeforeProcessingInitializeOnLoad (37ms)
				ProcessInitializeOnLoadAttributes (158ms)
				ProcessInitializeOnLoadMethodAttributes (17ms)
				AfterProcessingInitializeOnLoad (3ms)
				EditorAssembliesLoaded (0ms)
			ExecutionOrderSort2 (0ms)
			AwakeInstancesAfterBackupRestoration (9ms)
Platform modules already initialized, skipping
========================================================================
Worker process is ready to serve import requests
Launched and connected shader compiler UnityShaderCompiler.exe after 0.05 seconds
Refreshing native plugins compatible for Editor in 0.68 ms, found 0 plugins.
Preloading 0 native plugins for Editor in 0.00 ms.
Unloading 1984 Unused Serialized files (Serialized files now loaded: 0)
Unloading 25 unused Assets / (130.5 KB). Loaded Objects now: 2471.
Memory consumption went from 99.8 MB to 99.6 MB.
Total: 2.789000 ms (FindLiveObjects: 0.144300 ms CreateObjectMapping: 0.047500 ms MarkObjects: 2.505400 ms  DeleteObjects: 0.091000 ms)

AssetImportParameters requested are different than current active one (requested -> active):
  custom:video-decoder-ogg-theora: a1e56fd34408186e4bbccfd4996cb3dc -> 
  custom:container-muxer-webm: aa71ff27fc2769a1b78a27578f13a17b -> 
  custom:container-demuxer-webm: 4f35f7cbe854078d1ac9338744f61a02 -> 
  custom:video-encoder-webm-vp8: eb34c28f22e8b96e1ab97ce403110664 -> 
  custom:audio-encoder-webm-vorbis: bf7c407c2cedff20999df2af8eb42d56 -> 
  custom:framework-win-MediaFoundation: 216162199b28c13a410421893ffa2e32 -> 
  custom:container-demuxer-ogg: 62fdf1f143b41e24485cea50d1cbac27 -> 
  custom:video-decoder-webm-vp8: 9c59270c3fd7afecdb556c50c9e8de78 -> 
  custom:audio-decoder-ogg-vorbis: bf7c407c2cedff20999df2af8eb42d56 -> 
========================================================================
Received Import Request.
  Time since last request: 1321459.161351 seconds.
  path: Assets/LowPolyWater_Pack/LowPoly Island/Materials/IslandMat.mat
  artifactKey: Guid(45d08f8aef3838d45806cd4442223977) Importer(815301076,1909f56bfc062723c751e8b465ee728b)
Start importing Assets/LowPolyWater_Pack/LowPoly Island/Materials/IslandMat.mat using Guid(45d08f8aef3838d45806cd4442223977) Importer(815301076,1909f56bfc062723c751e8b465ee728b)  -> (artifact id: '06d4968ca6a7329f6cfd4e1dcff2e8f9') in 0.112396 seconds 
========================================================================
Received Import Request.
  Time since last request: 2.095406 seconds.
  path: Assets/LowPolyWater_Pack/LowPoly Island/textures/textureSurface_Color_2.jpg
  artifactKey: Guid(c4b4ad6529883dc43874119c9045638a) Importer(815301076,1909f56bfc062723c751e8b465ee728b)
Start importing Assets/LowPolyWater_Pack/LowPoly Island/textures/textureSurface_Color_2.jpg using Guid(c4b4ad6529883dc43874119c9045638a) Importer(815301076,1909f56bfc062723c751e8b465ee728b)  -> (artifact id: '1b14d66e8ba91a9a2998cfd86bcda862') in 0.047059 seconds 
========================================================================
Received Prepare
Registering precompiled user dll's ...
Registered in 0.000330 seconds.
Begin MonoManager ReloadAssembly
Native extension for WindowsStandalone target not found
Native extension for AppleTV target not found
Native extension for iOS target not found
Native extension for Android target not found
Native extension for WebGL target not found
Refreshing native plugins compatible for Editor in 0.65 ms, found 0 plugins.
Preloading 0 native plugins for Editor in 0.00 ms.
Mono: successfully reloaded assembly
- Completed reload, in  0.620 seconds
Domain Reload Profiling:
	ReloadAssembly (620ms)
		BeginReloadAssembly (100ms)
			ExecutionOrderSort (0ms)
			DisableScriptedObjects (4ms)
			BackupInstance (0ms)
			ReleaseScriptingObjects (0ms)
			CreateAndSetChildDomain (26ms)
		EndReloadAssembly (450ms)
			LoadAssemblies (57ms)
			RebuildTransferFunctionScriptingTraits (0ms)
			SetupTypeCache (115ms)
			ReleaseScriptCaches (1ms)
			RebuildScriptCaches (26ms)
			SetupLoadedEditorAssemblies (213ms)
				LogAssemblyErrors (0ms)
				InitializePlatformSupportModulesInManaged (25ms)
				SetLoadedEditorAssemblies (0ms)
				RefreshPlugins (1ms)
				BeforeProcessingInitializeOnLoad (27ms)
				ProcessInitializeOnLoadAttributes (141ms)
				ProcessInitializeOnLoadMethodAttributes (16ms)
				AfterProcessingInitializeOnLoad (3ms)
				EditorAssembliesLoaded (0ms)
			ExecutionOrderSort2 (0ms)
			AwakeInstancesAfterBackupRestoration (10ms)
Platform modules already initialized, skipping
Refreshing native plugins compatible for Editor in 0.91 ms, found 0 plugins.
Preloading 0 native plugins for Editor in 0.00 ms.
Unloading 1963 Unused Serialized files (Serialized files now loaded: 0)
Unloading 3 unused Assets / (95.3 KB). Loaded Objects now: 2526.
Memory consumption went from 101.9 MB to 101.8 MB.
Total: 2.643700 ms (FindLiveObjects: 0.184500 ms CreateObjectMapping: 0.043100 ms MarkObjects: 2.385900 ms  DeleteObjects: 0.029700 ms)

AssetImportParameters requested are different than current active one (requested -> active):
  custom:video-decoder-ogg-theora: a1e56fd34408186e4bbccfd4996cb3dc -> 
  custom:container-muxer-webm: aa71ff27fc2769a1b78a27578f13a17b -> 
  custom:container-demuxer-webm: 4f35f7cbe854078d1ac9338744f61a02 -> 
  custom:video-encoder-webm-vp8: eb34c28f22e8b96e1ab97ce403110664 -> 
  custom:audio-encoder-webm-vorbis: bf7c407c2cedff20999df2af8eb42d56 -> 
  custom:framework-win-MediaFoundation: 216162199b28c13a410421893ffa2e32 -> 
  custom:container-demuxer-ogg: 62fdf1f143b41e24485cea50d1cbac27 -> 
  custom:video-decoder-webm-vp8: 9c59270c3fd7afecdb556c50c9e8de78 -> 
  custom:audio-decoder-ogg-vorbis: bf7c407c2cedff20999df2af8eb42d56 -> 
========================================================================
Received Prepare
Registering precompiled user dll's ...
Registered in 0.000351 seconds.
Begin MonoManager ReloadAssembly
Native extension for WindowsStandalone target not found
Native extension for AppleTV target not found
Native extension for iOS target not found
Native extension for Android target not found
Native extension for WebGL target not found
Refreshing native plugins compatible for Editor in 0.62 ms, found 0 plugins.
Preloading 0 native plugins for Editor in 0.00 ms.
Mono: successfully reloaded assembly
- Completed reload, in  0.619 seconds
Domain Reload Profiling:
	ReloadAssembly (619ms)
		BeginReloadAssembly (101ms)
			ExecutionOrderSort (0ms)
			DisableScriptedObjects (4ms)
			BackupInstance (0ms)
			ReleaseScriptingObjects (0ms)
			CreateAndSetChildDomain (25ms)
		EndReloadAssembly (448ms)
			LoadAssemblies (58ms)
			RebuildTransferFunctionScriptingTraits (0ms)
			SetupTypeCache (116ms)
			ReleaseScriptCaches (1ms)
			RebuildScriptCaches (26ms)
			SetupLoadedEditorAssemblies (211ms)
				LogAssemblyErrors (0ms)
				InitializePlatformSupportModulesInManaged (25ms)
				SetLoadedEditorAssemblies (0ms)
				RefreshPlugins (1ms)
				BeforeProcessingInitializeOnLoad (27ms)
				ProcessInitializeOnLoadAttributes (138ms)
				ProcessInitializeOnLoadMethodAttributes (17ms)
				AfterProcessingInitializeOnLoad (3ms)
				EditorAssembliesLoaded (0ms)
			ExecutionOrderSort2 (0ms)
			AwakeInstancesAfterBackupRestoration (10ms)
Platform modules already initialized, skipping
Refreshing native plugins compatible for Editor in 0.74 ms, found 0 plugins.
Preloading 0 native plugins for Editor in 0.00 ms.
Unloading 1963 Unused Serialized files (Serialized files now loaded: 0)
Unloading 3 unused Assets / (95.4 KB). Loaded Objects now: 2539.
Memory consumption went from 101.9 MB to 101.8 MB.
Total: 2.666600 ms (FindLiveObjects: 0.176100 ms CreateObjectMapping: 0.044600 ms MarkObjects: 2.410100 ms  DeleteObjects: 0.035000 ms)

AssetImportParameters requested are different than current active one (requested -> active):
  custom:video-decoder-ogg-theora: a1e56fd34408186e4bbccfd4996cb3dc -> 
  custom:container-muxer-webm: aa71ff27fc2769a1b78a27578f13a17b -> 
  custom:container-demuxer-webm: 4f35f7cbe854078d1ac9338744f61a02 -> 
  custom:video-encoder-webm-vp8: eb34c28f22e8b96e1ab97ce403110664 -> 
  custom:audio-encoder-webm-vorbis: bf7c407c2cedff20999df2af8eb42d56 -> 
  custom:framework-win-MediaFoundation: 216162199b28c13a410421893ffa2e32 -> 
  custom:container-demuxer-ogg: 62fdf1f143b41e24485cea50d1cbac27 -> 
  custom:video-decoder-webm-vp8: 9c59270c3fd7afecdb556c50c9e8de78 -> 
  custom:audio-decoder-ogg-vorbis: bf7c407c2cedff20999df2af8eb42d56 -> 
========================================================================
Received Prepare
Registering precompiled user dll's ...
Registered in 0.000404 seconds.
Begin MonoManager ReloadAssembly
Native extension for WindowsStandalone target not found
Native extension for AppleTV target not found
Native extension for iOS target not found
Native extension for Android target not found
Native extension for WebGL target not found
Refreshing native plugins compatible for Editor in 0.62 ms, found 0 plugins.
Preloading 0 native plugins for Editor in 0.00 ms.
Mono: successfully reloaded assembly
- Completed reload, in  0.628 seconds
Domain Reload Profiling:
	ReloadAssembly (629ms)
		BeginReloadAssembly (102ms)
			ExecutionOrderSort (0ms)
			DisableScriptedObjects (5ms)
			BackupInstance (0ms)
			ReleaseScriptingObjects (0ms)
			CreateAndSetChildDomain (25ms)
		EndReloadAssembly (456ms)
			LoadAssemblies (61ms)
			RebuildTransferFunctionScriptingTraits (0ms)
			SetupTypeCache (117ms)
			ReleaseScriptCaches (1ms)
			RebuildScriptCaches (27ms)
			SetupLoadedEditorAssemblies (214ms)
				LogAssemblyErrors (0ms)
				InitializePlatformSupportModulesInManaged (25ms)
				SetLoadedEditorAssemblies (0ms)
				RefreshPlugins (1ms)
				BeforeProcessingInitializeOnLoad (27ms)
				ProcessInitializeOnLoadAttributes (141ms)
				ProcessInitializeOnLoadMethodAttributes (17ms)
				AfterProcessingInitializeOnLoad (2ms)
				EditorAssembliesLoaded (0ms)
			ExecutionOrderSort2 (0ms)
			AwakeInstancesAfterBackupRestoration (9ms)
Platform modules already initialized, skipping
Refreshing native plugins compatible for Editor in 0.76 ms, found 0 plugins.
Preloading 0 native plugins for Editor in 0.00 ms.
Unloading 1963 Unused Serialized files (Serialized files now loaded: 0)
Unloading 3 unused Assets / (95.4 KB). Loaded Objects now: 2552.
Memory consumption went from 101.9 MB to 101.8 MB.
Total: 2.569100 ms (FindLiveObjects: 0.154500 ms CreateObjectMapping: 0.046900 ms MarkObjects: 2.342300 ms  DeleteObjects: 0.024900 ms)

AssetImportParameters requested are different than current active one (requested -> active):
  custom:video-decoder-ogg-theora: a1e56fd34408186e4bbccfd4996cb3dc -> 
  custom:container-muxer-webm: aa71ff27fc2769a1b78a27578f13a17b -> 
  custom:container-demuxer-webm: 4f35f7cbe854078d1ac9338744f61a02 -> 
  custom:video-encoder-webm-vp8: eb34c28f22e8b96e1ab97ce403110664 -> 
  custom:audio-encoder-webm-vorbis: bf7c407c2cedff20999df2af8eb42d56 -> 
  custom:framework-win-MediaFoundation: 216162199b28c13a410421893ffa2e32 -> 
  custom:container-demuxer-ogg: 62fdf1f143b41e24485cea50d1cbac27 -> 
  custom:video-decoder-webm-vp8: 9c59270c3fd7afecdb556c50c9e8de78 -> 
  custom:audio-decoder-ogg-vorbis: bf7c407c2cedff20999df2af8eb42d56 -> 
========================================================================
Received Prepare
Registering precompiled user dll's ...
Registered in 0.000338 seconds.
Begin MonoManager ReloadAssembly
Native extension for WindowsStandalone target not found
Native extension for AppleTV target not found
Native extension for iOS target not found
Native extension for Android target not found
Native extension for WebGL target not found
Refreshing native plugins compatible for Editor in 0.62 ms, found 0 plugins.
Preloading 0 native plugins for Editor in 0.00 ms.
Mono: successfully reloaded assembly
- Completed reload, in  0.624 seconds
Domain Reload Profiling:
	ReloadAssembly (624ms)
		BeginReloadAssembly (101ms)
			ExecutionOrderSort (0ms)
			DisableScriptedObjects (5ms)
			BackupInstance (0ms)
			ReleaseScriptingObjects (0ms)
			CreateAndSetChildDomain (26ms)
		EndReloadAssembly (453ms)
			LoadAssemblies (58ms)
			RebuildTransferFunctionScriptingTraits (0ms)
			SetupTypeCache (115ms)
			ReleaseScriptCaches (1ms)
			RebuildScriptCaches (26ms)
			SetupLoadedEditorAssemblies (214ms)
				LogAssemblyErrors (0ms)
				InitializePlatformSupportModulesInManaged (26ms)
				SetLoadedEditorAssemblies (0ms)
				RefreshPlugins (1ms)
				BeforeProcessingInitializeOnLoad (27ms)
				ProcessInitializeOnLoadAttributes (141ms)
				ProcessInitializeOnLoadMethodAttributes (17ms)
				AfterProcessingInitializeOnLoad (2ms)
				EditorAssembliesLoaded (0ms)
			ExecutionOrderSort2 (0ms)
			AwakeInstancesAfterBackupRestoration (9ms)
Platform modules already initialized, skipping
Refreshing native plugins compatible for Editor in 0.76 ms, found 0 plugins.
Preloading 0 native plugins for Editor in 0.00 ms.
Unloading 1963 Unused Serialized files (Serialized files now loaded: 0)
Unloading 3 unused Assets / (95.4 KB). Loaded Objects now: 2565.
Memory consumption went from 101.9 MB to 101.8 MB.
Total: 3.293800 ms (FindLiveObjects: 0.197200 ms CreateObjectMapping: 0.053500 ms MarkObjects: 3.010400 ms  DeleteObjects: 0.032100 ms)

AssetImportParameters requested are different than current active one (requested -> active):
  custom:video-decoder-ogg-theora: a1e56fd34408186e4bbccfd4996cb3dc -> 
  custom:container-muxer-webm: aa71ff27fc2769a1b78a27578f13a17b -> 
  custom:container-demuxer-webm: 4f35f7cbe854078d1ac9338744f61a02 -> 
  custom:video-encoder-webm-vp8: eb34c28f22e8b96e1ab97ce403110664 -> 
  custom:audio-encoder-webm-vorbis: bf7c407c2cedff20999df2af8eb42d56 -> 
  custom:framework-win-MediaFoundation: 216162199b28c13a410421893ffa2e32 -> 
  custom:container-demuxer-ogg: 62fdf1f143b41e24485cea50d1cbac27 -> 
  custom:video-decoder-webm-vp8: 9c59270c3fd7afecdb556c50c9e8de78 -> 
  custom:audio-decoder-ogg-vorbis: bf7c407c2cedff20999df2af8eb42d56 -> 
========================================================================
Received Import Request.
  Time since last request: 1011.529902 seconds.
  path: Assets/Animation/casual_Male_G Swim.asset
  artifactKey: Guid(a2e3282cfb1b0434a9ac01dc2ac60a4e) Importer(815301076,1909f56bfc062723c751e8b465ee728b)
Start importing Assets/Animation/casual_Male_G Swim.asset using Guid(a2e3282cfb1b0434a9ac01dc2ac60a4e) Importer(815301076,1909f56bfc062723c751e8b465ee728b)  -> (artifact id: '483cbddd77845a7b10b383c3d9d7b019') in 0.019195 seconds 
========================================================================
Received Prepare
Registering precompiled user dll's ...
Registered in 0.000409 seconds.
Begin MonoManager ReloadAssembly
Native extension for WindowsStandalone target not found
Native extension for AppleTV target not found
Native extension for iOS target not found
Native extension for Android target not found
Native extension for WebGL target not found
Refreshing native plugins compatible for Editor in 0.56 ms, found 0 plugins.
Preloading 0 native plugins for Editor in 0.00 ms.
Mono: successfully reloaded assembly
- Completed reload, in  0.620 seconds
Domain Reload Profiling:
	ReloadAssembly (620ms)
		BeginReloadAssembly (101ms)
			ExecutionOrderSort (0ms)
			DisableScriptedObjects (5ms)
			BackupInstance (0ms)
			ReleaseScriptingObjects (0ms)
			CreateAndSetChildDomain (25ms)
		EndReloadAssembly (448ms)
			LoadAssemblies (59ms)
			RebuildTransferFunctionScriptingTraits (0ms)
			SetupTypeCache (112ms)
			ReleaseScriptCaches (1ms)
			RebuildScriptCaches (26ms)
			SetupLoadedEditorAssemblies (213ms)
				LogAssemblyErrors (0ms)
				InitializePlatformSupportModulesInManaged (25ms)
				SetLoadedEditorAssemblies (0ms)
				RefreshPlugins (1ms)
				BeforeProcessingInitializeOnLoad (27ms)
				ProcessInitializeOnLoadAttributes (140ms)
				ProcessInitializeOnLoadMethodAttributes (16ms)
				AfterProcessingInitializeOnLoad (3ms)
				EditorAssembliesLoaded (0ms)
			ExecutionOrderSort2 (0ms)
			AwakeInstancesAfterBackupRestoration (10ms)
Platform modules already initialized, skipping
Refreshing native plugins compatible for Editor in 0.76 ms, found 0 plugins.
Preloading 0 native plugins for Editor in 0.00 ms.
Unloading 1963 Unused Serialized files (Serialized files now loaded: 0)
Unloading 3 unused Assets / (95.4 KB). Loaded Objects now: 2578.
Memory consumption went from 101.9 MB to 101.8 MB.
Total: 2.644000 ms (FindLiveObjects: 0.191600 ms CreateObjectMapping: 0.046600 ms MarkObjects: 2.376100 ms  DeleteObjects: 0.029300 ms)

AssetImportParameters requested are different than current active one (requested -> active):
  custom:video-decoder-ogg-theora: a1e56fd34408186e4bbccfd4996cb3dc -> 
  custom:container-muxer-webm: aa71ff27fc2769a1b78a27578f13a17b -> 
  custom:container-demuxer-webm: 4f35f7cbe854078d1ac9338744f61a02 -> 
  custom:video-encoder-webm-vp8: eb34c28f22e8b96e1ab97ce403110664 -> 
  custom:audio-encoder-webm-vorbis: bf7c407c2cedff20999df2af8eb42d56 -> 
  custom:framework-win-MediaFoundation: 216162199b28c13a410421893ffa2e32 -> 
  custom:container-demuxer-ogg: 62fdf1f143b41e24485cea50d1cbac27 -> 
  custom:video-decoder-webm-vp8: 9c59270c3fd7afecdb556c50c9e8de78 -> 
  custom:audio-decoder-ogg-vorbis: bf7c407c2cedff20999df2af8eb42d56 -> 
========================================================================
Received Import Request.
  Time since last request: 183.357663 seconds.
  path: Assets/Malbers Animations/Common/Human Anims/Weapons/Sword_OneHand/H_Sword_Attack_Aereal_01.fbx
  artifactKey: Guid(69a335659334b9b4da19b32d3fb7f779) Importer(815301076,1909f56bfc062723c751e8b465ee728b)
Start importing Assets/Malbers Animations/Common/Human Anims/Weapons/Sword_OneHand/H_Sword_Attack_Aereal_01.fbx using Guid(69a335659334b9b4da19b32d3fb7f779) Importer(815301076,1909f56bfc062723c751e8b465ee728b)  -> (artifact id: '095279ac847c4816cf1808c6afd9003b') in 0.040005 seconds 
========================================================================
Received Import Request.
  Time since last request: 0.257771 seconds.
  path: Assets/Malbers Animations/Common/Human Anims/Weapons/Sword_OneHand/H_Sword_Attack_Aereal_03.fbx
  artifactKey: Guid(019ef5eef633003468f82dbcf573cb0c) Importer(815301076,1909f56bfc062723c751e8b465ee728b)
Start importing Assets/Malbers Animations/Common/Human Anims/Weapons/Sword_OneHand/H_Sword_Attack_Aereal_03.fbx using Guid(019ef5eef633003468f82dbcf573cb0c) Importer(815301076,1909f56bfc062723c751e8b465ee728b)  -> (artifact id: '1bad1f6394f8082a14779f38f6b090e7') in 0.006008 seconds 
========================================================================
Received Import Request.
  Time since last request: 0.294655 seconds.
  path: Assets/Malbers Animations/Common/Human Anims/Weapons/Sword_OneHand/Human_SwordOneHand_Right.fbx
  artifactKey: Guid(ec328753837b4fc4b8769175ac895563) Importer(815301076,1909f56bfc062723c751e8b465ee728b)
Start importing Assets/Malbers Animations/Common/Human Anims/Weapons/Sword_OneHand/Human_SwordOneHand_Right.fbx using Guid(ec328753837b4fc4b8769175ac895563) Importer(815301076,1909f56bfc062723c751e8b465ee728b)  -> (artifact id: '05e3f7624a7104a1f6f04bcde84e2329') in 0.006369 seconds 
========================================================================
Received Import Request.
  Time since last request: 0.293739 seconds.
  path: Assets/Malbers Animations/Common/Prefabs/Game Logic/OnSwapCharacter.asset
  artifactKey: Guid(5c4f4e2ec07afe64d8b74f5356ae6d4c) Importer(815301076,1909f56bfc062723c751e8b465ee728b)
Start importing Assets/Malbers Animations/Common/Prefabs/Game Logic/OnSwapCharacter.asset using Guid(5c4f4e2ec07afe64d8b74f5356ae6d4c) Importer(815301076,1909f56bfc062723c751e8b465ee728b)  -> (artifact id: '54a99f867882b7ba2ea30f1ef175c681') in 0.003266 seconds 
========================================================================
Received Import Request.
  Time since last request: 0.298721 seconds.
  path: Assets/Malbers Animations/Common/Human Anims/Weapons/Axe_2Hand/S_Axe_2Hand_Swing_Ground.fbx
  artifactKey: Guid(053ce9e99cdb8134188bfe3dddeeaa9a) Importer(815301076,1909f56bfc062723c751e8b465ee728b)
Start importing Assets/Malbers Animations/Common/Human Anims/Weapons/Axe_2Hand/S_Axe_2Hand_Swing_Ground.fbx using Guid(053ce9e99cdb8134188bfe3dddeeaa9a) Importer(815301076,1909f56bfc062723c751e8b465ee728b)  -> (artifact id: '943e1d2c814e24fc6a25c83b5af09dd4') in 0.006089 seconds 
========================================================================
Received Import Request.
  Time since last request: 0.327464 seconds.
  path: Assets/Malbers Animations/Common/Human Anims/Crouch/S_Crouch_Strafe_SW_IP.fbx
  artifactKey: Guid(b16fce56bb1df51419b841cc0920b58a) Importer(815301076,1909f56bfc062723c751e8b465ee728b)
Start importing Assets/Malbers Animations/Common/Human Anims/Crouch/S_Crouch_Strafe_SW_IP.fbx using Guid(b16fce56bb1df51419b841cc0920b58a) Importer(815301076,1909f56bfc062723c751e8b465ee728b)  -> (artifact id: '9c964f7e6172be24370f89f8c49119ad') in 0.007456 seconds 
========================================================================
Received Import Request.
  Time since last request: 0.327139 seconds.
  path: Assets/Malbers Animations/Common/Human Anims/Locomotion/Strafe/S_Strafe_Walk_SW_IP.fbx
  artifactKey: Guid(7c8f9c5eaaab87b488b9ea92bbd3d790) Importer(815301076,1909f56bfc062723c751e8b465ee728b)
Start importing Assets/Malbers Animations/Common/Human Anims/Locomotion/Strafe/S_Strafe_Walk_SW_IP.fbx using Guid(7c8f9c5eaaab87b488b9ea92bbd3d790) Importer(815301076,1909f56bfc062723c751e8b465ee728b)  -> (artifact id: '58efbe55c7215cf857c35fc8ef836562') in 0.007246 seconds 
========================================================================
Received Import Request.
  Time since last request: 0.000019 seconds.
  path: Assets/Malbers Animations/Common/Scripts/Weapons/Prefabs/Collectables/Sword Collectable.prefab
  artifactKey: Guid(bcff32db73dac7344b4cac585b0ef97f) Importer(815301076,1909f56bfc062723c751e8b465ee728b)
Start importing Assets/Malbers Animations/Common/Scripts/Weapons/Prefabs/Collectables/Sword Collectable.prefab using Guid(bcff32db73dac7344b4cac585b0ef97f) Importer(815301076,1909f56bfc062723c751e8b465ee728b)  -> (artifact id: '90cd9df7d503e803468da9921eec3a13') in 0.101255 seconds 
========================================================================
Received Import Request.
  Time since last request: 0.000051 seconds.
  path: Assets/Malbers Animations/Common/Scripts/Weapons/Prefabs/Collectables/Sword Collectable Fire.prefab
  artifactKey: Guid(938d3de32e2f0344c9b938b93cba7e60) Importer(815301076,1909f56bfc062723c751e8b465ee728b)
Start importing Assets/Malbers Animations/Common/Scripts/Weapons/Prefabs/Collectables/Sword Collectable Fire.prefab using Guid(938d3de32e2f0344c9b938b93cba7e60) Importer(815301076,1909f56bfc062723c751e8b465ee728b)  -> (artifact id: '27ecb54e61a52b6e71a0232205e35240') in 0.036798 seconds 
========================================================================
Received Import Request.
  Time since last request: 0.000026 seconds.
  path: Assets/Malbers Animations/Common/Scripts/Weapons/Models/Sword.fbx
  artifactKey: Guid(732e6bc584ac4da418fac5fb1486c8e9) Importer(815301076,1909f56bfc062723c751e8b465ee728b)
Start importing Assets/Malbers Animations/Common/Scripts/Weapons/Models/Sword.fbx using Guid(732e6bc584ac4da418fac5fb1486c8e9) Importer(815301076,1909f56bfc062723c751e8b465ee728b)  -> (artifact id: '9c62e03312c0b22aa8cb527b1945a2fa') in 0.031202 seconds 
========================================================================
Received Import Request.
  Time since last request: 0.000046 seconds.
  path: Assets/Malbers Animations/Common/Assets/Reactions/Item Pick Sword.asset
  artifactKey: Guid(bcb58886db7b9714498cad6f9c231044) Importer(815301076,1909f56bfc062723c751e8b465ee728b)
Start importing Assets/Malbers Animations/Common/Assets/Reactions/Item Pick Sword.asset using Guid(bcb58886db7b9714498cad6f9c231044) Importer(815301076,1909f56bfc062723c751e8b465ee728b)  -> (artifact id: 'dfef982cc71cc3094c3b52b6d5267bec') in 0.002386 seconds 
========================================================================
Received Import Request.
  Time since last request: 0.000017 seconds.
  path: Assets/Malbers Animations/Common/Scripts/Editor/Icons/State_Swim.png
  artifactKey: Guid(03060de9e6ae0ea4ea54fd7d4105945d) Importer(815301076,1909f56bfc062723c751e8b465ee728b)
Start importing Assets/Malbers Animations/Common/Scripts/Editor/Icons/State_Swim.png using Guid(03060de9e6ae0ea4ea54fd7d4105945d) Importer(815301076,1909f56bfc062723c751e8b465ee728b)  -> (artifact id: 'e6d926e6850bc05f9d66fa36649d67b4') in 0.016337 seconds 
========================================================================
Received Import Request.
  Time since last request: 0.000027 seconds.
  path: Assets/Malbers Animations/Common/Audio/Weapons/Melee/Sword Clash2.wav
  artifactKey: Guid(7494fdb331be04641abca4f55da21497) Importer(815301076,1909f56bfc062723c751e8b465ee728b)
Start importing Assets/Malbers Animations/Common/Audio/Weapons/Melee/Sword Clash2.wav using Guid(7494fdb331be04641abca4f55da21497) Importer(815301076,1909f56bfc062723c751e8b465ee728b)  -> (artifact id: '86c9801a1984f449e4e00b42ddd82116') in 0.039852 seconds 
========================================================================
Received Import Request.
  Time since last request: 0.000026 seconds.
  path: Assets/Malbers Animations/Common/Audio/Weapons/Melee/Melee Swing.wav
  artifactKey: Guid(e2f13f4efc10aae4e89e06d4b804c6e2) Importer(815301076,1909f56bfc062723c751e8b465ee728b)
Start importing Assets/Malbers Animations/Common/Audio/Weapons/Melee/Melee Swing.wav using Guid(e2f13f4efc10aae4e89e06d4b804c6e2) Importer(815301076,1909f56bfc062723c751e8b465ee728b)  -> (artifact id: 'da345e1489b676c2c964b14d9eb9401b') in 0.008972 seconds 
========================================================================
Received Import Request.
  Time since last request: 0.000027 seconds.
  path: Assets/Malbers Animations/Animal Controller/Wolf Lite/Animations/WL_Melee_Swing4.fbx
  artifactKey: Guid(658b4def7803e7649b76b0e5c45530d0) Importer(815301076,1909f56bfc062723c751e8b465ee728b)
Start importing Assets/Malbers Animations/Animal Controller/Wolf Lite/Animations/WL_Melee_Swing4.fbx using Guid(658b4def7803e7649b76b0e5c45530d0) Importer(815301076,1909f56bfc062723c751e8b465ee728b)  -> (artifact id: '97ec9baaa1a154e0d20ca0d509163930') in 0.009177 seconds 
========================================================================
Received Import Request.
  Time since last request: 0.000019 seconds.
  path: Assets/Malbers Animations/Common/Scriptable Assets/IDs/StatesID/Swim.asset
  artifactKey: Guid(7e364e53b77644c47aa3abdaa2e2c08c) Importer(815301076,1909f56bfc062723c751e8b465ee728b)
Start importing Assets/Malbers Animations/Common/Scriptable Assets/IDs/StatesID/Swim.asset using Guid(7e364e53b77644c47aa3abdaa2e2c08c) Importer(815301076,1909f56bfc062723c751e8b465ee728b)  -> (artifact id: 'f69f958245f9888f022f29429dcaa85f') in 0.001475 seconds 
========================================================================
Received Import Request.
  Time since last request: 0.000019 seconds.
  path: Assets/Malbers Animations/Animal Controller/Wolf Lite/Animations/WL_Melee_Swing1.fbx
  artifactKey: Guid(fbff60777b0b7d24da8322010bbc60e2) Importer(815301076,1909f56bfc062723c751e8b465ee728b)
Start importing Assets/Malbers Animations/Animal Controller/Wolf Lite/Animations/WL_Melee_Swing1.fbx using Guid(fbff60777b0b7d24da8322010bbc60e2) Importer(815301076,1909f56bfc062723c751e8b465ee728b)  -> (artifact id: '46376de4470a7278a5f5300a5236b45f') in 0.008392 seconds 
========================================================================
Received Import Request.
  Time since last request: 0.000030 seconds.
  path: Assets/Malbers Animations/Common/Audio/Weapons/Melee/Swing Sword.wav
  artifactKey: Guid(68c1c6ee9ddcd0341a672e9f7ecbbef0) Importer(815301076,1909f56bfc062723c751e8b465ee728b)
Start importing Assets/Malbers Animations/Common/Audio/Weapons/Melee/Swing Sword.wav using Guid(68c1c6ee9ddcd0341a672e9f7ecbbef0) Importer(815301076,1909f56bfc062723c751e8b465ee728b)  -> (artifact id: '79842dd738cfa50339ab05732a2dd30d') in 0.009212 seconds 
========================================================================
Received Import Request.
  Time since last request: 4.823177 seconds.
  path: Assets/Malbers Animations/Animal Controller/Wolf Lite/Animations/WL_Melee_Holster_Left.fbx
  artifactKey: Guid(2766f6483a3149c4d811b473f70cfb8c) Importer(815301076,1909f56bfc062723c751e8b465ee728b)
Start importing Assets/Malbers Animations/Animal Controller/Wolf Lite/Animations/WL_Melee_Holster_Left.fbx using Guid(2766f6483a3149c4d811b473f70cfb8c) Importer(815301076,1909f56bfc062723c751e8b465ee728b)  -> (artifact id: '7268e5c474d6ccfc56c1c24afc08186a') in 0.008133 seconds 
========================================================================
Received Import Request.
  Time since last request: 0.000027 seconds.
  path: Assets/Malbers Animations/Animal Controller/Wolf Lite/Animations/WL_Slide_Forward.fbx
  artifactKey: Guid(4516dd916a1cefe4cb8c871291c8d95b) Importer(815301076,1909f56bfc062723c751e8b465ee728b)
Start importing Assets/Malbers Animations/Animal Controller/Wolf Lite/Animations/WL_Slide_Forward.fbx using Guid(4516dd916a1cefe4cb8c871291c8d95b) Importer(815301076,1909f56bfc062723c751e8b465ee728b)  -> (artifact id: 'c735211bc4d2435dcadb5280b0ca3f4e') in 0.010198 seconds 
========================================================================
Received Import Request.
  Time since last request: 0.000026 seconds.
  path: Assets/Malbers Animations/Animal Controller/Wolf Lite/Animations/WL_Sleep.FBX
  artifactKey: Guid(558c52fb80d72814bbd94a05998c957f) Importer(815301076,1909f56bfc062723c751e8b465ee728b)
Start importing Assets/Malbers Animations/Animal Controller/Wolf Lite/Animations/WL_Sleep.FBX using Guid(558c52fb80d72814bbd94a05998c957f) Importer(815301076,1909f56bfc062723c751e8b465ee728b)  -> (artifact id: '3a423685ca724125702e43005b3238b3') in 0.021196 seconds 
========================================================================
Received Import Request.
  Time since last request: 0.000017 seconds.
  path: Assets/Malbers Animations/Animal Controller/Wolf Lite/Animations/WL_ShakeWater.fbx
  artifactKey: Guid(edafe4aa19de1234195b832fb3556e39) Importer(815301076,1909f56bfc062723c751e8b465ee728b)
Start importing Assets/Malbers Animations/Animal Controller/Wolf Lite/Animations/WL_ShakeWater.fbx using Guid(edafe4aa19de1234195b832fb3556e39) Importer(815301076,1909f56bfc062723c751e8b465ee728b)  -> (artifact id: '04e6c4fe5e334157d4d1fe0a1dd88cd6') in 0.007683 seconds 
========================================================================
Received Import Request.
  Time since last request: 3.607124 seconds.
  path: Assets/Malbers Animations/Animal Controller/Wolf Lite/Wolf Lite v2.fbx
  artifactKey: Guid(08e48789449aae64095cc114539cb217) Importer(815301076,1909f56bfc062723c751e8b465ee728b)
Start importing Assets/Malbers Animations/Animal Controller/Wolf Lite/Wolf Lite v2.fbx using Guid(08e48789449aae64095cc114539cb217) Importer(815301076,1909f56bfc062723c751e8b465ee728b)  -> (artifact id: '0dde6e4ca740b4c8e16701331abb8a4d') in 0.087826 seconds 
========================================================================
Received Import Request.
  Time since last request: 0.000021 seconds.
  path: Assets/Malbers Animations/Animal Controller/Wolf Lite/Wolf Lite.prefab
  artifactKey: Guid(a578de702f2191b4fa9cdcec1ad493c5) Importer(815301076,1909f56bfc062723c751e8b465ee728b)
Start importing Assets/Malbers Animations/Animal Controller/Wolf Lite/Wolf Lite.prefab using Guid(a578de702f2191b4fa9cdcec1ad493c5) Importer(815301076,1909f56bfc062723c751e8b465ee728b)  -> (artifact id: 'cc8bfdd5e454522b3da624afe12acbe9') in 0.658419 seconds 
Editor requested this worker to shutdown with reason: Scaling down because of idle timeout
AssetImportWorker is now disconnected from the server
Process exiting
Exiting without the bug reporter. Application will terminate with return code 0