Using pre-set license
Built from '2021.3/staging' branch; Version is '2021.3.11f1 (0a5ca18544bf) revision 679073'; Using compiler version '192829333'; Build Type 'Release'
OS: 'Windows 10  (10.0.19045) 64bit Professional' Language: 'ru' Physical Memory: 40845 MB
BatchMode: 1, IsHumanControllingUs: 0, StartBugReporterOnCrash: 0, Is64bit: 1, IsPro: 1

COMMAND LINE ARGUMENTS:
I:\Unity\2021.3.11f1\Editor\Unity.exe
-adb2
-batchMode
-noUpm
-name
AssetImportWorker4
-projectPath
I:/GitHub/CarProject/CarProject/CarProject
-logFile
Logs/AssetImportWorker4.log
-srvPort
63083
Successfully changed project path to: I:/GitHub/CarProject/CarProject/CarProject
I:/GitHub/CarProject/CarProject/CarProject
[UnityMemory] Configuration Parameters - Can be set up in boot.config
    "memorysetup-bucket-allocator-granularity=16"
    "memorysetup-bucket-allocator-bucket-count=8"
    "memorysetup-bucket-allocator-block-size=33554432"
    "memorysetup-bucket-allocator-block-count=8"
    "memorysetup-main-allocator-block-size=16777216"
    "memorysetup-thread-allocator-block-size=16777216"
    "memorysetup-gfx-main-allocator-block-size=16777216"
    "memorysetup-gfx-thread-allocator-block-size=16777216"
    "memorysetup-cache-allocator-block-size=4194304"
    "memorysetup-typetree-allocator-block-size=2097152"
    "memorysetup-profiler-bucket-allocator-granularity=16"
    "memorysetup-profiler-bucket-allocator-bucket-count=8"
    "memorysetup-profiler-bucket-allocator-block-size=33554432"
    "memorysetup-profiler-bucket-allocator-block-count=8"
    "memorysetup-profiler-allocator-block-size=16777216"
    "memorysetup-profiler-editor-allocator-block-size=1048576"
    "memorysetup-temp-allocator-size-main=16777216"
    "memorysetup-job-temp-allocator-block-size=2097152"
    "memorysetup-job-temp-allocator-block-size-background=1048576"
    "memorysetup-job-temp-allocator-reduction-small-platforms=262144"
    "memorysetup-temp-allocator-size-background-worker=32768"
    "memorysetup-temp-allocator-size-job-worker=262144"
    "memorysetup-temp-allocator-size-preload-manager=33554432"
    "memorysetup-temp-allocator-size-nav-mesh-worker=65536"
    "memorysetup-temp-allocator-size-audio-worker=65536"
    "memorysetup-temp-allocator-size-cloud-worker=32768"
    "memorysetup-temp-allocator-size-gi-baking-worker=262144"
    "memorysetup-temp-allocator-size-gfx=262144"
Refreshing native plugins compatible for Editor in 34.16 ms, found 0 plugins.
Preloading 0 native plugins for Editor in 0.00 ms.
Initialize engine version: 2021.3.11f1 (0a5ca18544bf)
[Subsystems] Discovering subsystems at path I:/Unity/2021.3.11f1/Editor/Data/Resources/UnitySubsystems
[Subsystems] Discovering subsystems at path I:/GitHub/CarProject/CarProject/CarProject/Assets
GfxDevice: creating device client; threaded=0; jobified=0
Direct3D:
    Version:  Direct3D 11.0 [level 11.1]
    Renderer: AMD Radeon RX 6700 XT (ID=0x73df)
    Vendor:   ATI
    VRAM:     12243 MB
    Driver:   31.0.14037.17019
Initialize mono
Mono path[0] = 'I:/Unity/2021.3.11f1/Editor/Data/Managed'
Mono path[1] = 'I:/Unity/2021.3.11f1/Editor/Data/MonoBleedingEdge/lib/mono/unityjit-win32'
Mono config path = 'I:/Unity/2021.3.11f1/Editor/Data/MonoBleedingEdge/etc'
Using monoOptions --debugger-agent=transport=dt_socket,embedding=1,server=y,suspend=n,address=127.0.0.1:56832
Begin MonoManager ReloadAssembly
Registering precompiled unity dll's ...
Register platform support module: I:/Unity/2021.3.11f1/Editor/Data/PlaybackEngines/WebGLSupport/UnityEditor.WebGL.Extensions.dll
Register platform support module: I:/Unity/2021.3.11f1/Editor/Data/PlaybackEngines/AndroidPlayer/UnityEditor.Android.Extensions.dll
Register platform support module: I:/Unity/2021.3.11f1/Editor/Data/PlaybackEngines/iOSSupport/UnityEditor.iOS.Extensions.dll
Register platform support module: I:/Unity/2021.3.11f1/Editor/Data/PlaybackEngines/AppleTVSupport/UnityEditor.AppleTV.Extensions.dll
Register platform support module: I:/Unity/2021.3.11f1/Editor/Data/PlaybackEngines/WindowsStandaloneSupport/UnityEditor.WindowsStandalone.Extensions.dll
Registered in 0.003325 seconds.
Native extension for WindowsStandalone target not found
[usbmuxd] Start listen thread
[usbmuxd] Listen thread started
Native extension for AppleTV target not found
[usbmuxd] Start listen thread
[usbmuxd] Listen thread started
Native extension for iOS target not found
Native extension for Android target not found
Native extension for WebGL target not found
Refreshing native plugins compatible for Editor in 37.72 ms, found 0 plugins.
Preloading 0 native plugins for Editor in 0.00 ms.
Mono: successfully reloaded assembly
- Completed reload, in  0.479 seconds
Domain Reload Profiling:
	ReloadAssembly (479ms)
		BeginReloadAssembly (58ms)
			ExecutionOrderSort (0ms)
			DisableScriptedObjects (0ms)
			BackupInstance (0ms)
			ReleaseScriptingObjects (0ms)
			CreateAndSetChildDomain (1ms)
		EndReloadAssembly (343ms)
			LoadAssemblies (58ms)
			RebuildTransferFunctionScriptingTraits (0ms)
			SetupTypeCache (79ms)
			ReleaseScriptCaches (0ms)
			RebuildScriptCaches (20ms)
			SetupLoadedEditorAssemblies (205ms)
				LogAssemblyErrors (0ms)
				InitializePlatformSupportModulesInManaged (51ms)
				SetLoadedEditorAssemblies (0ms)
				RefreshPlugins (38ms)
				BeforeProcessingInitializeOnLoad (1ms)
				ProcessInitializeOnLoadAttributes (76ms)
				ProcessInitializeOnLoadMethodAttributes (39ms)
				AfterProcessingInitializeOnLoad (0ms)
				EditorAssembliesLoaded (0ms)
			ExecutionOrderSort2 (0ms)
			AwakeInstancesAfterBackupRestoration (0ms)
Platform modules already initialized, skipping
Registering precompiled user dll's ...
Registered in 0.000317 seconds.
Begin MonoManager ReloadAssembly
Native extension for WindowsStandalone target not found
Native extension for AppleTV target not found
Native extension for iOS target not found
Native extension for Android target not found
Native extension for WebGL target not found
Refreshing native plugins compatible for Editor in 37.36 ms, found 0 plugins.
Preloading 0 native plugins for Editor in 0.00 ms.
Package Manager log level set to [2]
Mono: successfully reloaded assembly
- Completed reload, in  0.800 seconds
Domain Reload Profiling:
	ReloadAssembly (801ms)
		BeginReloadAssembly (204ms)
			ExecutionOrderSort (0ms)
			DisableScriptedObjects (5ms)
			BackupInstance (0ms)
			ReleaseScriptingObjects (0ms)
			CreateAndSetChildDomain (134ms)
		EndReloadAssembly (512ms)
			LoadAssemblies (54ms)
			RebuildTransferFunctionScriptingTraits (0ms)
			SetupTypeCache (121ms)
			ReleaseScriptCaches (0ms)
			RebuildScriptCaches (43ms)
			SetupLoadedEditorAssemblies (259ms)
				LogAssemblyErrors (0ms)
				InitializePlatformSupportModulesInManaged (18ms)
				SetLoadedEditorAssemblies (0ms)
				RefreshPlugins (37ms)
				BeforeProcessingInitializeOnLoad (36ms)
				ProcessInitializeOnLoadAttributes (149ms)
				ProcessInitializeOnLoadMethodAttributes (15ms)
				AfterProcessingInitializeOnLoad (2ms)
				EditorAssembliesLoaded (0ms)
			ExecutionOrderSort2 (0ms)
			AwakeInstancesAfterBackupRestoration (8ms)
Platform modules already initialized, skipping
========================================================================
Worker process is ready to serve import requests
Launched and connected shader compiler UnityShaderCompiler.exe after 0.05 seconds
Refreshing native plugins compatible for Editor in 0.65 ms, found 0 plugins.
Preloading 0 native plugins for Editor in 0.00 ms.
Unloading 1984 Unused Serialized files (Serialized files now loaded: 0)
Unloading 25 unused Assets / (130.8 KB). Loaded Objects now: 2472.
Memory consumption went from 99.9 MB to 99.8 MB.
Total: 2.853000 ms (FindLiveObjects: 0.139800 ms CreateObjectMapping: 0.051700 ms MarkObjects: 2.568000 ms  DeleteObjects: 0.092600 ms)

AssetImportParameters requested are different than current active one (requested -> active):
  custom:video-decoder-ogg-theora: a1e56fd34408186e4bbccfd4996cb3dc -> 
  custom:container-muxer-webm: aa71ff27fc2769a1b78a27578f13a17b -> 
  custom:container-demuxer-webm: 4f35f7cbe854078d1ac9338744f61a02 -> 
  custom:video-encoder-webm-vp8: eb34c28f22e8b96e1ab97ce403110664 -> 
  custom:audio-encoder-webm-vorbis: bf7c407c2cedff20999df2af8eb42d56 -> 
  custom:framework-win-MediaFoundation: 216162199b28c13a410421893ffa2e32 -> 
  custom:container-demuxer-ogg: 62fdf1f143b41e24485cea50d1cbac27 -> 
  custom:video-decoder-webm-vp8: 9c59270c3fd7afecdb556c50c9e8de78 -> 
  custom:audio-decoder-ogg-vorbis: bf7c407c2cedff20999df2af8eb42d56 -> 
========================================================================
Received Import Request.
  Time since last request: 260812.194164 seconds.
  path: Assets/Malbers Animations/Common/Human Anims/Actions/Sit
  artifactKey: Guid(f7667048aee2dc245b000b4c6860df56) Importer(815301076,1909f56bfc062723c751e8b465ee728b)
Start importing Assets/Malbers Animations/Common/Human Anims/Actions/Sit using Guid(f7667048aee2dc245b000b4c6860df56) Importer(815301076,1909f56bfc062723c751e8b465ee728b)  -> (artifact id: '7aac2d3516cabca5bbb8d42b61fa106a') in 0.005450 seconds 
========================================================================
Received Import Request.
  Time since last request: 2.307349 seconds.
  path: Assets/Malbers Animations/Common/Human Anims/Actions/Sit/Chair.fbx
  artifactKey: Guid(77b5c6d42e0ad204f9e5e2d0860e2f88) Importer(815301076,1909f56bfc062723c751e8b465ee728b)
Start importing Assets/Malbers Animations/Common/Human Anims/Actions/Sit/Chair.fbx using Guid(77b5c6d42e0ad204f9e5e2d0860e2f88) Importer(815301076,1909f56bfc062723c751e8b465ee728b)  -> (artifact id: 'd3590aa4d2c14912abfa4d5c7c2932cd') in 0.149782 seconds 
========================================================================
Received Import Request.
  Time since last request: 7.919300 seconds.
  path: Assets/Malbers Animations/Common/Human Anims/Glide
  artifactKey: Guid(8addac0e5610b6548be1a1e5fc15baac) Importer(815301076,1909f56bfc062723c751e8b465ee728b)
Start importing Assets/Malbers Animations/Common/Human Anims/Glide using Guid(8addac0e5610b6548be1a1e5fc15baac) Importer(815301076,1909f56bfc062723c751e8b465ee728b)  -> (artifact id: '69d3457220d445815b13d2cec5410cb2') in 0.001244 seconds 
========================================================================
Received Import Request.
  Time since last request: 0.050245 seconds.
  path: Assets/Malbers Animations/Common/Human Anims/Glide/S_Glide_Enter.fbx
  artifactKey: Guid(27e6e5e17a84f8542a7fb53b6e5c4419) Importer(815301076,1909f56bfc062723c751e8b465ee728b)
Start importing Assets/Malbers Animations/Common/Human Anims/Glide/S_Glide_Enter.fbx using Guid(27e6e5e17a84f8542a7fb53b6e5c4419) Importer(815301076,1909f56bfc062723c751e8b465ee728b)  -> (artifact id: 'fe9d401ae69dfad725ff8369b3888d62') in 0.007028 seconds 
========================================================================
Received Import Request.
  Time since last request: 0.294128 seconds.
  path: Assets/Malbers Animations/Common/Human Anims/Glide/S_Glide_High_Right_Umbrella.fbx
  artifactKey: Guid(d3823974fe29fa6439c1f859d31e17fb) Importer(815301076,1909f56bfc062723c751e8b465ee728b)
Start importing Assets/Malbers Animations/Common/Human Anims/Glide/S_Glide_High_Right_Umbrella.fbx using Guid(d3823974fe29fa6439c1f859d31e17fb) Importer(815301076,1909f56bfc062723c751e8b465ee728b)  -> (artifact id: 'd44619b9a80285db01ebade3e5cc6f9c') in 0.006793 seconds 
========================================================================
Received Import Request.
  Time since last request: 0.294827 seconds.
  path: Assets/Malbers Animations/Common/Human Anims/Glide/S_Glide_Low_Left.fbx
  artifactKey: Guid(b0bed392f62aa06439fb44c5b08e7e53) Importer(815301076,1909f56bfc062723c751e8b465ee728b)
Start importing Assets/Malbers Animations/Common/Human Anims/Glide/S_Glide_Low_Left.fbx using Guid(b0bed392f62aa06439fb44c5b08e7e53) Importer(815301076,1909f56bfc062723c751e8b465ee728b)  -> (artifact id: '07a7fd706247bb635eec8bd3c79e3b64') in 0.006754 seconds 
========================================================================
Received Import Request.
  Time since last request: 0.000016 seconds.
  path: Assets/Malbers Animations/Common/Human Anims/Glide/Umbrella.fbx
  artifactKey: Guid(53230c7d9ae606249b324b8389066604) Importer(815301076,1909f56bfc062723c751e8b465ee728b)
Start importing Assets/Malbers Animations/Common/Human Anims/Glide/Umbrella.fbx using Guid(53230c7d9ae606249b324b8389066604) Importer(815301076,1909f56bfc062723c751e8b465ee728b)  -> (artifact id: '6e76ec9c9cbb7f351dd2c91c9d51cd07') in 0.010278 seconds 
========================================================================
Received Import Request.
  Time since last request: 0.000015 seconds.
  path: Assets/Malbers Animations/Common/Human Anims/Glide/S_Glide_Low_Left_Umbrella.fbx
  artifactKey: Guid(91dcd564bf0e54e4085ef158c22bb45b) Importer(815301076,1909f56bfc062723c751e8b465ee728b)
Start importing Assets/Malbers Animations/Common/Human Anims/Glide/S_Glide_Low_Left_Umbrella.fbx using Guid(91dcd564bf0e54e4085ef158c22bb45b) Importer(815301076,1909f56bfc062723c751e8b465ee728b)  -> (artifact id: 'c1d26d06db1180173f579c2e8d4d6d2b') in 0.005696 seconds 
========================================================================
Received Import Request.
  Time since last request: 0.000015 seconds.
  path: Assets/Malbers Animations/Common/Human Anims/Glide/S_Glide_High_Left_Umbrella.fbx
  artifactKey: Guid(415c25a7170765645952d285ce22a0f5) Importer(815301076,1909f56bfc062723c751e8b465ee728b)
Start importing Assets/Malbers Animations/Common/Human Anims/Glide/S_Glide_High_Left_Umbrella.fbx using Guid(415c25a7170765645952d285ce22a0f5) Importer(815301076,1909f56bfc062723c751e8b465ee728b)  -> (artifact id: 'a877954198c2a50c00a5952e1410c909') in 0.005543 seconds 
========================================================================
Received Import Request.
  Time since last request: 0.000016 seconds.
  path: Assets/Malbers Animations/Common/Human Anims/Glide/S_Glide_Low_Right_Umbrella.fbx
  artifactKey: Guid(c6165166ce7ce904e9f988f7cd58dd6f) Importer(815301076,1909f56bfc062723c751e8b465ee728b)
Start importing Assets/Malbers Animations/Common/Human Anims/Glide/S_Glide_Low_Right_Umbrella.fbx using Guid(c6165166ce7ce904e9f988f7cd58dd6f) Importer(815301076,1909f56bfc062723c751e8b465ee728b)  -> (artifact id: '01737b4587fb4e4403c34c11633720cb') in 0.005108 seconds 
========================================================================
Received Import Request.
  Time since last request: 0.000013 seconds.
  path: Assets/Malbers Animations/Common/Human Anims/Glide/Wings.fbx
  artifactKey: Guid(9be4b8b0595dbac45a0daa91ab230beb) Importer(815301076,1909f56bfc062723c751e8b465ee728b)
Start importing Assets/Malbers Animations/Common/Human Anims/Glide/Wings.fbx using Guid(9be4b8b0595dbac45a0daa91ab230beb) Importer(815301076,1909f56bfc062723c751e8b465ee728b)  -> (artifact id: 'af96a1bd6c53fecffba03dff9c185df8') in 0.018070 seconds 
========================================================================
Received Import Request.
  Time since last request: 48.095531 seconds.
  path: Assets/Malbers Animations/Common/Human Anims/WallRun
  artifactKey: Guid(263ae0ef65ddab346aff1b0e3a05ee6c) Importer(815301076,1909f56bfc062723c751e8b465ee728b)
Start importing Assets/Malbers Animations/Common/Human Anims/WallRun using Guid(263ae0ef65ddab346aff1b0e3a05ee6c) Importer(815301076,1909f56bfc062723c751e8b465ee728b)  -> (artifact id: '8d9d8c43fda8d4a6bd2989273ae4c74f') in 0.001236 seconds 
========================================================================
Received Import Request.
  Time since last request: 0.056185 seconds.
  path: Assets/Malbers Animations/Common/Human Anims/WallRun/H_Wall_Run.fbx
  artifactKey: Guid(adbbe81796c94544697c0c29641f3a06) Importer(815301076,1909f56bfc062723c751e8b465ee728b)
Start importing Assets/Malbers Animations/Common/Human Anims/WallRun/H_Wall_Run.fbx using Guid(adbbe81796c94544697c0c29641f3a06) Importer(815301076,1909f56bfc062723c751e8b465ee728b)  -> (artifact id: '50ece19dccb16736f46fbba999a570af') in 0.006446 seconds 
========================================================================
Received Import Request.
  Time since last request: 12.966515 seconds.
  path: Assets/Malbers Animations/Common/Human Anims/Block
  artifactKey: Guid(3fb53a0b1ec97d9498b41929467b47d4) Importer(815301076,1909f56bfc062723c751e8b465ee728b)
Start importing Assets/Malbers Animations/Common/Human Anims/Block using Guid(3fb53a0b1ec97d9498b41929467b47d4) Importer(815301076,1909f56bfc062723c751e8b465ee728b)  -> (artifact id: '91ed01e593aae000fd681d303725d0e9') in 0.001576 seconds 
========================================================================
Received Import Request.
  Time since last request: 6.757695 seconds.
  path: Assets/Malbers Animations/Common/Human Anims/Crouch
  artifactKey: Guid(f90f854b7a5e5a7419ce09327e0e7fa6) Importer(815301076,1909f56bfc062723c751e8b465ee728b)
Start importing Assets/Malbers Animations/Common/Human Anims/Crouch using Guid(f90f854b7a5e5a7419ce09327e0e7fa6) Importer(815301076,1909f56bfc062723c751e8b465ee728b)  -> (artifact id: 'f8b60fec73ea2140852b698bc5eae16b') in 0.001543 seconds 
========================================================================
Received Import Request.
  Time since last request: 2.263477 seconds.
  path: Assets/Malbers Animations/Common/Human Anims/Dodge Roll
  artifactKey: Guid(cf050a681e9580142a3b6d93b23ea72c) Importer(815301076,1909f56bfc062723c751e8b465ee728b)
Start importing Assets/Malbers Animations/Common/Human Anims/Dodge Roll using Guid(cf050a681e9580142a3b6d93b23ea72c) Importer(815301076,1909f56bfc062723c751e8b465ee728b)  -> (artifact id: '763c1c76f857b279b35f281c4079a1fc') in 0.001527 seconds 
========================================================================
Received Import Request.
  Time since last request: 6.297802 seconds.
  path: Assets/Malbers Animations/Common/Human Anims/Knock Back
  artifactKey: Guid(ce6fa4677b361294e86371e5279339c5) Importer(815301076,1909f56bfc062723c751e8b465ee728b)
Start importing Assets/Malbers Animations/Common/Human Anims/Knock Back using Guid(ce6fa4677b361294e86371e5279339c5) Importer(815301076,1909f56bfc062723c751e8b465ee728b)  -> (artifact id: '851c4fdbf28555bec07a6d48efd4238a') in 0.001561 seconds 
========================================================================
Received Prepare
Registering precompiled user dll's ...
Registered in 0.000350 seconds.
Begin MonoManager ReloadAssembly
Native extension for WindowsStandalone target not found
Native extension for AppleTV target not found
Native extension for iOS target not found
Native extension for Android target not found
Native extension for WebGL target not found
Refreshing native plugins compatible for Editor in 0.65 ms, found 0 plugins.
Preloading 0 native plugins for Editor in 0.00 ms.
Mono: successfully reloaded assembly
- Completed reload, in  0.625 seconds
Domain Reload Profiling:
	ReloadAssembly (626ms)
		BeginReloadAssembly (104ms)
			ExecutionOrderSort (0ms)
			DisableScriptedObjects (4ms)
			BackupInstance (0ms)
			ReleaseScriptingObjects (0ms)
			CreateAndSetChildDomain (28ms)
		EndReloadAssembly (452ms)
			LoadAssemblies (57ms)
			RebuildTransferFunctionScriptingTraits (0ms)
			SetupTypeCache (117ms)
			ReleaseScriptCaches (1ms)
			RebuildScriptCaches (26ms)
			SetupLoadedEditorAssemblies (214ms)
				LogAssemblyErrors (0ms)
				InitializePlatformSupportModulesInManaged (26ms)
				SetLoadedEditorAssemblies (0ms)
				RefreshPlugins (1ms)
				BeforeProcessingInitializeOnLoad (27ms)
				ProcessInitializeOnLoadAttributes (142ms)
				ProcessInitializeOnLoadMethodAttributes (16ms)
				AfterProcessingInitializeOnLoad (2ms)
				EditorAssembliesLoaded (0ms)
			ExecutionOrderSort2 (0ms)
			AwakeInstancesAfterBackupRestoration (9ms)
Platform modules already initialized, skipping
Refreshing native plugins compatible for Editor in 0.72 ms, found 0 plugins.
Preloading 0 native plugins for Editor in 0.00 ms.
Unloading 1963 Unused Serialized files (Serialized files now loaded: 0)
Unloading 3 unused Assets / (95.3 KB). Loaded Objects now: 2497.
Memory consumption went from 102.6 MB to 102.5 MB.
Total: 2.780100 ms (FindLiveObjects: 0.170300 ms CreateObjectMapping: 0.054300 ms MarkObjects: 2.525400 ms  DeleteObjects: 0.029500 ms)

AssetImportParameters requested are different than current active one (requested -> active):
  custom:video-decoder-ogg-theora: a1e56fd34408186e4bbccfd4996cb3dc -> 
  custom:container-muxer-webm: aa71ff27fc2769a1b78a27578f13a17b -> 
  custom:container-demuxer-webm: 4f35f7cbe854078d1ac9338744f61a02 -> 
  custom:video-encoder-webm-vp8: eb34c28f22e8b96e1ab97ce403110664 -> 
  custom:audio-encoder-webm-vorbis: bf7c407c2cedff20999df2af8eb42d56 -> 
  custom:framework-win-MediaFoundation: 216162199b28c13a410421893ffa2e32 -> 
  custom:container-demuxer-ogg: 62fdf1f143b41e24485cea50d1cbac27 -> 
  custom:video-decoder-webm-vp8: 9c59270c3fd7afecdb556c50c9e8de78 -> 
  custom:audio-decoder-ogg-vorbis: bf7c407c2cedff20999df2af8eb42d56 -> 
========================================================================
Received Import Request.
  Time since last request: 427.169418 seconds.
  path: Assets/Malbers Animations/Common/Human Anims/Fly
  artifactKey: Guid(2ec94cfc77f23e243b422407fb492789) Importer(815301076,1909f56bfc062723c751e8b465ee728b)
Start importing Assets/Malbers Animations/Common/Human Anims/Fly using Guid(2ec94cfc77f23e243b422407fb492789) Importer(815301076,1909f56bfc062723c751e8b465ee728b)  -> (artifact id: '3455317efe3d47f5e6cd0c37e64aad6d') in 0.005730 seconds 
========================================================================
Received Import Request.
  Time since last request: 1.031776 seconds.
  path: Assets/Malbers Animations/Common/Human Anims/Fly/S_Air_Dash.fbx
  artifactKey: Guid(bb388e432b140e941a3c2d9e73267f37) Importer(815301076,1909f56bfc062723c751e8b465ee728b)
Start importing Assets/Malbers Animations/Common/Human Anims/Fly/S_Air_Dash.fbx using Guid(bb388e432b140e941a3c2d9e73267f37) Importer(815301076,1909f56bfc062723c751e8b465ee728b)  -> (artifact id: '17ee467f90d6c2b1402810e547d932c3') in 0.023612 seconds 
========================================================================
Received Import Request.
  Time since last request: 0.402637 seconds.
  path: Assets/Malbers Animations/Common/Human Anims/Fly/S_Fly_Dodge_Back.fbx
  artifactKey: Guid(39c8b362c3ae2b44c8a3164f70347f98) Importer(815301076,1909f56bfc062723c751e8b465ee728b)
Start importing Assets/Malbers Animations/Common/Human Anims/Fly/S_Fly_Dodge_Back.fbx using Guid(39c8b362c3ae2b44c8a3164f70347f98) Importer(815301076,1909f56bfc062723c751e8b465ee728b)  -> (artifact id: 'e511ada350ecfbed309db243d3068df6') in 0.006127 seconds 
========================================================================
Received Import Request.
  Time since last request: 0.294580 seconds.
  path: Assets/Malbers Animations/Common/Human Anims/Fly/S_Fly_Dodge_Right.fbx
  artifactKey: Guid(13207d1aee363ab4b91d8a276a12fc94) Importer(815301076,1909f56bfc062723c751e8b465ee728b)
Start importing Assets/Malbers Animations/Common/Human Anims/Fly/S_Fly_Dodge_Right.fbx using Guid(13207d1aee363ab4b91d8a276a12fc94) Importer(815301076,1909f56bfc062723c751e8b465ee728b)  -> (artifact id: '30e9b6f4685392221032f3880e3a3cdd') in 0.006196 seconds 
========================================================================
Received Import Request.
  Time since last request: 0.295564 seconds.
  path: Assets/Malbers Animations/Common/Human Anims/Fly/S_Fly_Land_SuperHero.fbx
  artifactKey: Guid(c251e30987a72bc43935aa5f8b995c03) Importer(815301076,1909f56bfc062723c751e8b465ee728b)
Start importing Assets/Malbers Animations/Common/Human Anims/Fly/S_Fly_Land_SuperHero.fbx using Guid(c251e30987a72bc43935aa5f8b995c03) Importer(815301076,1909f56bfc062723c751e8b465ee728b)  -> (artifact id: '7920e308514eaeec42b992eaba76d4d9') in 0.006951 seconds 
========================================================================
Received Import Request.
  Time since last request: 0.295258 seconds.
  path: Assets/Malbers Animations/Common/Human Anims/Fly/S_Fly_Strafe_Right.fbx
  artifactKey: Guid(6002b0ffe95513946b663f41b792283f) Importer(815301076,1909f56bfc062723c751e8b465ee728b)
Start importing Assets/Malbers Animations/Common/Human Anims/Fly/S_Fly_Strafe_Right.fbx using Guid(6002b0ffe95513946b663f41b792283f) Importer(815301076,1909f56bfc062723c751e8b465ee728b)  -> (artifact id: 'c0a23748abee7409a991b29553846bdd') in 0.006955 seconds 
========================================================================
Received Import Request.
  Time since last request: 0.000020 seconds.
  path: Assets/Malbers Animations/Common/Human Anims/Fly/S_Fly_Strafe_Left.fbx
  artifactKey: Guid(3b746c18371c8444cbdd7d1573f8559d) Importer(815301076,1909f56bfc062723c751e8b465ee728b)
Start importing Assets/Malbers Animations/Common/Human Anims/Fly/S_Fly_Strafe_Left.fbx using Guid(3b746c18371c8444cbdd7d1573f8559d) Importer(815301076,1909f56bfc062723c751e8b465ee728b)  -> (artifact id: '1dbab52f5a846bb3423cc5e4cf82f9d5') in 0.005249 seconds 
========================================================================
Received Import Request.
  Time since last request: 0.000024 seconds.
  path: Assets/Malbers Animations/Common/Human Anims/Fly/S_Fly_Idle.fbx
  artifactKey: Guid(834dd85f4db6b4a41895a8e0e62d60f8) Importer(815301076,1909f56bfc062723c751e8b465ee728b)
Start importing Assets/Malbers Animations/Common/Human Anims/Fly/S_Fly_Idle.fbx using Guid(834dd85f4db6b4a41895a8e0e62d60f8) Importer(815301076,1909f56bfc062723c751e8b465ee728b)  -> (artifact id: '9b1c6e0bd7e41b5755938837425ccc8d') in 0.005564 seconds 
========================================================================
Received Import Request.
  Time since last request: 0.000019 seconds.
  path: Assets/Malbers Animations/Common/Human Anims/Fly/S_Fly_Forward.fbx
  artifactKey: Guid(a95d7c529f059de438bc6c3f31cc37c2) Importer(815301076,1909f56bfc062723c751e8b465ee728b)
Start importing Assets/Malbers Animations/Common/Human Anims/Fly/S_Fly_Forward.fbx using Guid(a95d7c529f059de438bc6c3f31cc37c2) Importer(815301076,1909f56bfc062723c751e8b465ee728b)  -> (artifact id: 'f5cf0a4e00b3f91559c98357f28e3b9f') in 0.005511 seconds 
========================================================================
Received Import Request.
  Time since last request: 0.000016 seconds.
  path: Assets/Malbers Animations/Common/Human Anims/Fly/S_Fly_Forward_Up.fbx
  artifactKey: Guid(d24e68f8a37ffe04da7e452cb32afbd6) Importer(815301076,1909f56bfc062723c751e8b465ee728b)
Start importing Assets/Malbers Animations/Common/Human Anims/Fly/S_Fly_Forward_Up.fbx using Guid(d24e68f8a37ffe04da7e452cb32afbd6) Importer(815301076,1909f56bfc062723c751e8b465ee728b)  -> (artifact id: '1c352c1b557b5170ee49c3c12a545b2b') in 0.005620 seconds 
Editor requested this worker to shutdown with reason: Scaling down because of idle timeout
AssetImportWorker is now disconnected from the server
Process exiting
Exiting without the bug reporter. Application will terminate with return code 0